{"/home/travis/build/npmtest/node-npmtest-brunch/test.js":{"path":"/home/travis/build/npmtest/node-npmtest-brunch/test.js","s":{"1":2,"2":2,"3":2,"4":2,"5":2,"6":2,"7":2,"8":1,"9":2,"10":2,"11":1,"12":1,"13":1,"14":1,"15":2,"16":2,"17":2,"18":2,"19":1,"20":1,"21":2,"22":2,"23":2,"24":1,"25":1,"26":1,"27":1,"28":1,"29":1,"30":1,"31":1,"32":1,"33":1,"34":1,"35":1,"36":1,"37":1,"38":1,"39":2,"40":2,"41":1,"42":2,"43":2,"44":1,"45":2,"46":2,"47":1,"48":2,"49":2,"50":1,"51":1,"52":1,"53":1,"54":1},"b":{"1":[2,1,1,1],"2":[1,1,1,1],"3":[1,1],"4":[1,1],"5":[1,1],"6":[1,1],"7":[1,1],"8":[1,1],"9":[1,1],"10":[1,1,1],"11":[1,1],"12":[1,1],"13":[1,1],"14":[1,1],"15":[1,1],"16":[1,1],"17":[1,1]},"f":{"1":2,"2":2,"3":2,"4":2,"5":2,"6":1,"7":1,"8":1,"9":2,"10":2,"11":2,"12":2,"13":1},"fnMap":{"1":{"name":"(anonymous_1)","line":12,"loc":{"start":{"line":12,"column":1},"end":{"line":12,"column":13}}},"2":{"name":"(anonymous_2)","line":19,"loc":{"start":{"line":19,"column":5},"end":{"line":19,"column":17}}},"3":{"name":"(anonymous_3)","line":23,"loc":{"start":{"line":23,"column":24},"end":{"line":23,"column":36}}},"4":{"name":"(anonymous_4)","line":61,"loc":{"start":{"line":61,"column":5},"end":{"line":61,"column":17}}},"5":{"name":"(anonymous_5)","line":82,"loc":{"start":{"line":82,"column":5},"end":{"line":82,"column":17}}},"6":{"name":"(anonymous_6)","line":91,"loc":{"start":{"line":91,"column":77},"end":{"line":94,"column":10}}},"7":{"name":"(anonymous_7)","line":112,"loc":{"start":{"line":112,"column":83},"end":{"line":115,"column":10}},"skip":true},"8":{"name":"(anonymous_8)","line":123,"loc":{"start":{"line":123,"column":77},"end":{"line":126,"column":10}},"skip":true},"9":{"name":"(anonymous_9)","line":139,"loc":{"start":{"line":139,"column":12},"end":{"line":139,"column":40}},"skip":true},"10":{"name":"(anonymous_10)","line":147,"loc":{"start":{"line":147,"column":77},"end":{"line":150,"column":10}},"skip":true},"11":{"name":"(anonymous_11)","line":158,"loc":{"start":{"line":158,"column":83},"end":{"line":161,"column":10}},"skip":true},"12":{"name":"(anonymous_12)","line":169,"loc":{"start":{"line":169,"column":79},"end":{"line":172,"column":10}},"skip":true},"13":{"name":"(anonymous_13)","line":180,"loc":{"start":{"line":180,"column":75},"end":{"line":183,"column":10}},"skip":true}},"statementMap":{"1":{"start":{"line":12,"column":0},"end":{"line":195,"column":5}},"2":{"start":{"line":14,"column":4},"end":{"line":14,"column":14}},"3":{"start":{"line":19,"column":4},"end":{"line":56,"column":9}},"4":{"start":{"line":21,"column":8},"end":{"line":21,"column":19}},"5":{"start":{"line":23,"column":8},"end":{"line":35,"column":13}},"6":{"start":{"line":24,"column":12},"end":{"line":34,"column":13}},"7":{"start":{"line":25,"column":16},"end":{"line":28,"column":30}},"8":{"start":{"line":30,"column":16},"end":{"line":33,"column":27}},"9":{"start":{"line":37,"column":8},"end":{"line":39,"column":21}},"10":{"start":{"line":40,"column":8},"end":{"line":53,"column":9}},"11":{"start":{"line":43,"column":12},"end":{"line":46,"column":14}},"12":{"start":{"line":47,"column":12},"end":{"line":47,"column":18}},"13":{"start":{"line":50,"column":12},"end":{"line":51,"column":33}},"14":{"start":{"line":52,"column":12},"end":{"line":52,"column":18}},"15":{"start":{"line":55,"column":8},"end":{"line":55,"column":35}},"16":{"start":{"line":61,"column":4},"end":{"line":63,"column":9}},"17":{"start":{"line":62,"column":8},"end":{"line":62,"column":15}},"18":{"start":{"line":64,"column":4},"end":{"line":77,"column":5}},"19":{"start":{"line":70,"column":8},"end":{"line":70,"column":14}},"20":{"start":{"line":76,"column":8},"end":{"line":76,"column":14}},"21":{"start":{"line":82,"column":4},"end":{"line":84,"column":9}},"22":{"start":{"line":83,"column":8},"end":{"line":83,"column":15}},"23":{"start":{"line":85,"column":4},"end":{"line":194,"column":5}},"24":{"start":{"line":91,"column":8},"end":{"line":99,"column":10}},"25":{"start":{"line":98,"column":12},"end":{"line":98,"column":35}},"26":{"start":{"line":102,"column":8},"end":{"line":104,"column":63}},"27":{"start":{"line":105,"column":8},"end":{"line":105,"column":14}},"28":{"start":{"line":112,"column":8},"end":{"line":121,"column":10},"skip":true},"29":{"start":{"line":119,"column":12},"end":{"line":119,"column":55},"skip":true},"30":{"start":{"line":120,"column":12},"end":{"line":120,"column":48},"skip":true},"31":{"start":{"line":123,"column":8},"end":{"line":136,"column":10},"skip":true},"32":{"start":{"line":130,"column":12},"end":{"line":130,"column":76},"skip":true},"33":{"start":{"line":131,"column":12},"end":{"line":131,"column":73},"skip":true},"34":{"start":{"line":132,"column":12},"end":{"line":132,"column":74},"skip":true},"35":{"start":{"line":133,"column":12},"end":{"line":133,"column":79},"skip":true},"36":{"start":{"line":134,"column":12},"end":{"line":134,"column":25},"skip":true},"37":{"start":{"line":135,"column":12},"end":{"line":135,"column":45},"skip":true},"38":{"start":{"line":138,"column":8},"end":{"line":145,"column":14},"skip":true},"39":{"start":{"line":143,"column":16},"end":{"line":143,"column":29},"skip":true},"40":{"start":{"line":144,"column":16},"end":{"line":144,"column":55},"skip":true},"41":{"start":{"line":147,"column":8},"end":{"line":156,"column":10},"skip":true},"42":{"start":{"line":154,"column":12},"end":{"line":154,"column":25},"skip":true},"43":{"start":{"line":155,"column":12},"end":{"line":155,"column":45},"skip":true},"44":{"start":{"line":158,"column":8},"end":{"line":167,"column":10},"skip":true},"45":{"start":{"line":165,"column":12},"end":{"line":165,"column":25},"skip":true},"46":{"start":{"line":166,"column":12},"end":{"line":166,"column":48},"skip":true},"47":{"start":{"line":169,"column":8},"end":{"line":178,"column":10},"skip":true},"48":{"start":{"line":176,"column":12},"end":{"line":176,"column":25},"skip":true},"49":{"start":{"line":177,"column":12},"end":{"line":177,"column":46},"skip":true},"50":{"start":{"line":180,"column":8},"end":{"line":189,"column":10},"skip":true},"51":{"start":{"line":187,"column":12},"end":{"line":187,"column":94},"skip":true},"52":{"start":{"line":188,"column":12},"end":{"line":188,"column":48},"skip":true},"53":{"start":{"line":192,"column":8},"end":{"line":192,"column":35},"skip":true},"54":{"start":{"line":193,"column":8},"end":{"line":193,"column":14},"skip":true}},"branchMap":{"1":{"line":25,"type":"binary-expr","locations":[{"start":{"line":25,"column":23},"end":{"line":25,"column":62}},{"start":{"line":26,"column":20},"end":{"line":26,"column":70}},{"start":{"line":27,"column":20},"end":{"line":27,"column":71}},{"start":{"line":28,"column":20},"end":{"line":28,"column":29}}]},"2":{"line":30,"type":"binary-expr","locations":[{"start":{"line":30,"column":23},"end":{"line":30,"column":37}},{"start":{"line":31,"column":20},"end":{"line":31,"column":61}},{"start":{"line":32,"column":20},"end":{"line":32,"column":70}},{"start":{"line":33,"column":20},"end":{"line":33,"column":26}}]},"3":{"line":37,"type":"cond-expr","locations":[{"start":{"line":38,"column":14},"end":{"line":38,"column":20}},{"start":{"line":39,"column":14},"end":{"line":39,"column":20}}]},"4":{"line":40,"type":"switch","locations":[{"start":{"line":42,"column":8},"end":{"line":47,"column":18}},{"start":{"line":49,"column":8},"end":{"line":52,"column":18}}]},"5":{"line":44,"type":"binary-expr","locations":[{"start":{"line":44,"column":16},"end":{"line":44,"column":44}},{"start":{"line":44,"column":48},"end":{"line":44,"column":66}}]},"6":{"line":50,"type":"binary-expr","locations":[{"start":{"line":50,"column":21},"end":{"line":50,"column":49}},{"start":{"line":50,"column":53},"end":{"line":50,"column":72}}]},"7":{"line":64,"type":"switch","locations":[{"start":{"line":69,"column":4},"end":{"line":70,"column":14}},{"start":{"line":75,"column":4},"end":{"line":76,"column":14}}]},"8":{"line":85,"type":"switch","locations":[{"start":{"line":90,"column":4},"end":{"line":105,"column":14}},{"start":{"line":111,"column":4},"end":{"line":193,"column":14},"skip":true}]},"9":{"line":91,"type":"binary-expr","locations":[{"start":{"line":91,"column":42},"end":{"line":91,"column":73}},{"start":{"line":91,"column":77},"end":{"line":99,"column":9}}]},"10":{"line":102,"type":"binary-expr","locations":[{"start":{"line":102,"column":18},"end":{"line":102,"column":32}},{"start":{"line":103,"column":12},"end":{"line":103,"column":53}},{"start":{"line":104,"column":12},"end":{"line":104,"column":61}}]},"11":{"line":112,"type":"binary-expr","locations":[{"start":{"line":112,"column":45},"end":{"line":112,"column":79},"skip":true},{"start":{"line":112,"column":83},"end":{"line":121,"column":9},"skip":true}]},"12":{"line":123,"type":"binary-expr","locations":[{"start":{"line":123,"column":42},"end":{"line":123,"column":73},"skip":true},{"start":{"line":123,"column":77},"end":{"line":136,"column":9},"skip":true}]},"13":{"line":138,"type":"binary-expr","locations":[{"start":{"line":138,"column":48},"end":{"line":138,"column":85},"skip":true},{"start":{"line":139,"column":12},"end":{"line":145,"column":13},"skip":true}]},"14":{"line":147,"type":"binary-expr","locations":[{"start":{"line":147,"column":42},"end":{"line":147,"column":73},"skip":true},{"start":{"line":147,"column":77},"end":{"line":156,"column":9},"skip":true}]},"15":{"line":158,"type":"binary-expr","locations":[{"start":{"line":158,"column":45},"end":{"line":158,"column":79},"skip":true},{"start":{"line":158,"column":83},"end":{"line":167,"column":9},"skip":true}]},"16":{"line":169,"type":"binary-expr","locations":[{"start":{"line":169,"column":43},"end":{"line":169,"column":75},"skip":true},{"start":{"line":169,"column":79},"end":{"line":178,"column":9},"skip":true}]},"17":{"line":180,"type":"binary-expr","locations":[{"start":{"line":180,"column":41},"end":{"line":180,"column":71},"skip":true},{"start":{"line":180,"column":75},"end":{"line":189,"column":9},"skip":true}]}},"code":["/* istanbul instrument in package npmtest_brunch */","/*jslint","    bitwise: true,","    browser: true,","    maxerr: 8,","    maxlen: 96,","    node: true,","    nomen: true,","    regexp: true,","    stupid: true","*/","(function () {","    'use strict';","    var local;","","","","    // run shared js-env code - pre-init","    (function () {","        // init local","        local = {};","        // init modeJs","        local.modeJs = (function () {","            try {","                return typeof navigator.userAgent === 'string' &&","                    typeof document.querySelector('body') === 'object' &&","                    typeof XMLHttpRequest.prototype.open === 'function' &&","                    'browser';","            } catch (errorCaughtBrowser) {","                return module.exports &&","                    typeof process.versions.node === 'string' &&","                    typeof require('http').createServer === 'function' &&","                    'node';","            }","        }());","        // init global","        local.global = local.modeJs === 'browser'","            ? window","            : global;","        switch (local.modeJs) {","        // re-init local from window.local","        case 'browser':","            local = local.global.utility2.objectSetDefault(","                local.global.utility2_rollup || local.global.local,","                local.global.utility2","            );","            break;","        // re-init local from example.js","        case 'node':","            local = (local.global.utility2_rollup || require('utility2'))","                .requireReadme();","            break;","        }","        // export local","        local.global.local = local;","    }());","","","","    // run shared js-env code - function","    (function () {","        return;","    }());","    switch (local.modeJs) {","","","","    // run browser js-env code - function","    case 'browser':","        break;","","","","    // run node js-env code - function","    case 'node':","        break;","    }","","","","    // run shared js-env code - post-init","    (function () {","        return;","    }());","    switch (local.modeJs) {","","","","    // run browser js-env code - post-init","    case 'browser':","        local.testCase_browser_nullCase = local.testCase_browser_nullCase || function (","            options,","            onError","        ) {","        /*","         * this function will test browsers's null-case handling-behavior-behavior","         */","            onError(null, options);","        };","","        // run tests","        local.nop(local.modeTest &&","            document.querySelector('#testRunButton1') &&","            document.querySelector('#testRunButton1').click());","        break;","","","","    // run node js-env code - post-init","    /* istanbul ignore next */","    case 'node':","        local.testCase_buildApidoc_default = local.testCase_buildApidoc_default || function (","            options,","            onError","        ) {","        /*","         * this function will test buildApidoc's default handling-behavior-behavior","         */","            options = { modulePathList: module.paths };","            local.buildApidoc(options, onError);","        };","","        local.testCase_buildApp_default = local.testCase_buildApp_default || function (","            options,","            onError","        ) {","        /*","         * this function will test buildApp's default handling-behavior-behavior","         */","            local.testCase_buildReadme_default(options, local.onErrorThrow);","            local.testCase_buildLib_default(options, local.onErrorThrow);","            local.testCase_buildTest_default(options, local.onErrorThrow);","            local.testCase_buildCustomOrg_default(options, local.onErrorThrow);","            options = [];","            local.buildApp(options, onError);","        };","","        local.testCase_buildCustomOrg_default = local.testCase_buildCustomOrg_default ||","            function (options, onError) {","            /*","             * this function will test buildCustomOrg's default handling-behavior","             */","                options = {};","                local.buildCustomOrg(options, onError);","            };","","        local.testCase_buildLib_default = local.testCase_buildLib_default || function (","            options,","            onError","        ) {","        /*","         * this function will test buildLib's default handling-behavior","         */","            options = {};","            local.buildLib(options, onError);","        };","","        local.testCase_buildReadme_default = local.testCase_buildReadme_default || function (","            options,","            onError","        ) {","        /*","         * this function will test buildReadme's default handling-behavior-behavior","         */","            options = {};","            local.buildReadme(options, onError);","        };","","        local.testCase_buildTest_default = local.testCase_buildTest_default || function (","            options,","            onError","        ) {","        /*","         * this function will test buildTest's default handling-behavior","         */","            options = {};","            local.buildTest(options, onError);","        };","","        local.testCase_webpage_default = local.testCase_webpage_default || function (","            options,","            onError","        ) {","        /*","         * this function will test webpage's default handling-behavior","         */","            options = { modeCoverageMerge: true, url: local.serverLocalHost + '?modeTest=1' };","            local.browserTest(options, onError);","        };","","        // run test-server","        local.testRunServer(local);","        break;","    }","}());",""],"l":{"12":2,"14":2,"19":2,"21":2,"23":2,"24":2,"25":2,"30":1,"37":2,"40":2,"43":1,"47":1,"50":1,"52":1,"55":2,"61":2,"62":2,"64":2,"70":1,"76":1,"82":2,"83":2,"85":2,"91":1,"98":1,"102":1,"105":1,"112":1,"119":1,"120":1,"123":1,"130":1,"131":1,"132":1,"133":1,"134":1,"135":1,"138":1,"143":2,"144":2,"147":1,"154":2,"155":2,"158":1,"165":2,"166":2,"169":1,"176":2,"177":2,"180":1,"187":1,"188":1,"192":1,"193":1}},"/home/travis/build/npmtest/node-npmtest-brunch/lib.npmtest_brunch.js":{"path":"/home/travis/build/npmtest/node-npmtest-brunch/lib.npmtest_brunch.js","s":{"1":2,"2":2,"3":2,"4":2,"5":2,"6":2,"7":2,"8":1,"9":2,"10":2,"11":2,"12":2,"13":1,"14":1,"15":1,"16":1},"b":{"1":[2,1,1,1],"2":[1,1,1,1],"3":[1,1],"4":[2,2],"5":[1,1]},"f":{"1":2,"2":2,"3":2},"fnMap":{"1":{"name":"(anonymous_1)","line":12,"loc":{"start":{"line":12,"column":1},"end":{"line":12,"column":13}}},"2":{"name":"(anonymous_2)","line":19,"loc":{"start":{"line":19,"column":5},"end":{"line":19,"column":17}}},"3":{"name":"(anonymous_3)","line":23,"loc":{"start":{"line":23,"column":24},"end":{"line":23,"column":36}}}},"statementMap":{"1":{"start":{"line":12,"column":0},"end":{"line":53,"column":5}},"2":{"start":{"line":14,"column":4},"end":{"line":14,"column":14}},"3":{"start":{"line":19,"column":4},"end":{"line":52,"column":9}},"4":{"start":{"line":21,"column":8},"end":{"line":21,"column":19}},"5":{"start":{"line":23,"column":8},"end":{"line":35,"column":13}},"6":{"start":{"line":24,"column":12},"end":{"line":34,"column":13}},"7":{"start":{"line":25,"column":16},"end":{"line":28,"column":30}},"8":{"start":{"line":30,"column":16},"end":{"line":33,"column":27}},"9":{"start":{"line":37,"column":8},"end":{"line":39,"column":21}},"10":{"start":{"line":41,"column":8},"end":{"line":41,"column":54}},"11":{"start":{"line":43,"column":8},"end":{"line":43,"column":51}},"12":{"start":{"line":45,"column":8},"end":{"line":51,"column":9}},"13":{"start":{"line":46,"column":12},"end":{"line":46,"column":57}},"14":{"start":{"line":48,"column":12},"end":{"line":48,"column":35}},"15":{"start":{"line":49,"column":12},"end":{"line":49,"column":49}},"16":{"start":{"line":50,"column":12},"end":{"line":50,"column":43}}},"branchMap":{"1":{"line":25,"type":"binary-expr","locations":[{"start":{"line":25,"column":23},"end":{"line":25,"column":62}},{"start":{"line":26,"column":20},"end":{"line":26,"column":70}},{"start":{"line":27,"column":20},"end":{"line":27,"column":71}},{"start":{"line":28,"column":20},"end":{"line":28,"column":29}}]},"2":{"line":30,"type":"binary-expr","locations":[{"start":{"line":30,"column":23},"end":{"line":30,"column":37}},{"start":{"line":31,"column":20},"end":{"line":31,"column":61}},{"start":{"line":32,"column":20},"end":{"line":32,"column":70}},{"start":{"line":33,"column":20},"end":{"line":33,"column":26}}]},"3":{"line":37,"type":"cond-expr","locations":[{"start":{"line":38,"column":14},"end":{"line":38,"column":20}},{"start":{"line":39,"column":14},"end":{"line":39,"column":20}}]},"4":{"line":41,"type":"binary-expr","locations":[{"start":{"line":41,"column":16},"end":{"line":41,"column":44}},{"start":{"line":41,"column":48},"end":{"line":41,"column":53}}]},"5":{"line":45,"type":"if","locations":[{"start":{"line":45,"column":8},"end":{"line":45,"column":8}},{"start":{"line":45,"column":8},"end":{"line":45,"column":8}}]}},"code":["/* istanbul instrument in package npmtest_brunch */","/*jslint","    bitwise: true,","    browser: true,","    maxerr: 8,","    maxlen: 96,","    node: true,","    nomen: true,","    regexp: true,","    stupid: true","*/","(function () {","    'use strict';","    var local;","","","","    // run shared js-env code - pre-init","    (function () {","        // init local","        local = {};","        // init modeJs","        local.modeJs = (function () {","            try {","                return typeof navigator.userAgent === 'string' &&","                    typeof document.querySelector('body') === 'object' &&","                    typeof XMLHttpRequest.prototype.open === 'function' &&","                    'browser';","            } catch (errorCaughtBrowser) {","                return module.exports &&","                    typeof process.versions.node === 'string' &&","                    typeof require('http').createServer === 'function' &&","                    'node';","            }","        }());","        // init global","        local.global = local.modeJs === 'browser'","            ? window","            : global;","        // init utility2_rollup","        local = local.global.utility2_rollup || local;","        // init lib","        local.local = local.npmtest_brunch = local;","        // init exports","        if (local.modeJs === 'browser') {","            local.global.utility2_npmtest_brunch = local;","        } else {","            module.exports = local;","            module.exports.__dirname = __dirname;","            module.exports.module = module;","        }","    }());","}());",""],"l":{"12":2,"14":2,"19":2,"21":2,"23":2,"24":2,"25":2,"30":1,"37":2,"41":2,"43":2,"45":2,"46":1,"48":1,"49":1,"50":1}},"/home/travis/build/npmtest/node-npmtest-brunch/example.js":{"path":"/home/travis/build/npmtest/node-npmtest-brunch/example.js","s":{"1":2,"2":2,"3":2,"4":2,"5":2,"6":2,"7":2,"8":1,"9":2,"10":2,"11":2,"12":2,"13":1,"14":2,"15":2,"16":2,"17":2,"18":2,"19":0,"20":2,"21":1,"22":1,"23":1,"24":1,"25":1,"26":0,"27":0,"28":1,"29":1,"30":2,"31":0,"32":0,"33":0,"34":1,"35":2,"36":2,"37":3,"38":3,"39":3,"40":3,"41":0,"42":3,"43":3,"44":3,"45":1,"46":3,"47":1,"48":1,"49":1,"50":1,"51":1,"52":1,"53":1,"54":1,"55":1,"56":1,"57":0,"58":1,"59":6,"60":6,"61":1,"62":2,"63":0,"64":2,"65":1,"66":1,"67":0,"68":0,"69":0,"70":0,"71":0,"72":0,"73":0,"74":0,"75":0,"76":0,"77":0,"78":0,"79":0,"80":0,"81":0,"82":0,"83":0},"b":{"1":[2,1,1,1],"2":[1,1,1,1],"3":[1,1],"4":[2,2],"5":[1,1],"6":[1,1],"7":[2,0],"8":[2,1,1,1,1,1],"9":[0,2,0],"10":[1,1],"11":[2,1,1],"12":[1,0],"13":[0,2],"14":[2,0,0,0,0,0,0],"15":[0,3],"16":[3,0],"17":[1,1],"18":[0,1],"19":[1,2,0,2],"20":[1,0],"21":[1,1],"22":[0,0],"23":[0,0],"24":[0,0],"25":[0,0],"26":[0,0],"27":[0,0],"28":[0,0]},"f":{"1":2,"2":2,"3":2,"4":2,"5":2,"6":2,"7":3,"8":3,"9":3,"10":1,"11":6,"12":0},"fnMap":{"1":{"name":"(anonymous_1)","line":26,"loc":{"start":{"line":26,"column":1},"end":{"line":26,"column":13}}},"2":{"name":"(anonymous_2)","line":33,"loc":{"start":{"line":33,"column":5},"end":{"line":33,"column":17}}},"3":{"name":"(anonymous_3)","line":37,"loc":{"start":{"line":37,"column":24},"end":{"line":37,"column":36}}},"4":{"name":"(anonymous_4)","line":69,"loc":{"start":{"line":69,"column":31},"end":{"line":69,"column":48}},"skip":true},"5":{"name":"(anonymous_5)","line":78,"loc":{"start":{"line":78,"column":26},"end":{"line":78,"column":45}},"skip":true},"6":{"name":"(anonymous_6)","line":123,"loc":{"start":{"line":123,"column":33},"end":{"line":123,"column":48}},"skip":true},"7":{"name":"(anonymous_7)","line":125,"loc":{"start":{"line":125,"column":27},"end":{"line":125,"column":39}},"skip":true},"8":{"name":"(anonymous_8)","line":133,"loc":{"start":{"line":133,"column":59},"end":{"line":133,"column":74}},"skip":true},"9":{"name":"(anonymous_9)","line":143,"loc":{"start":{"line":143,"column":45},"end":{"line":143,"column":62}},"skip":true},"10":{"name":"(anonymous_10)","line":144,"loc":{"start":{"line":144,"column":73},"end":{"line":144,"column":92}},"skip":true},"11":{"name":"(anonymous_11)","line":272,"loc":{"start":{"line":272,"column":51},"end":{"line":272,"column":77}},"skip":true},"12":{"name":"(anonymous_12)","line":315,"loc":{"start":{"line":315,"column":32},"end":{"line":315,"column":61}},"skip":true}},"statementMap":{"1":{"start":{"line":26,"column":0},"end":{"line":326,"column":5}},"2":{"start":{"line":28,"column":4},"end":{"line":28,"column":14}},"3":{"start":{"line":33,"column":4},"end":{"line":60,"column":9}},"4":{"start":{"line":35,"column":8},"end":{"line":35,"column":19}},"5":{"start":{"line":37,"column":8},"end":{"line":49,"column":13}},"6":{"start":{"line":38,"column":12},"end":{"line":48,"column":13}},"7":{"start":{"line":39,"column":16},"end":{"line":42,"column":30}},"8":{"start":{"line":44,"column":16},"end":{"line":47,"column":27}},"9":{"start":{"line":51,"column":8},"end":{"line":53,"column":21}},"10":{"start":{"line":55,"column":8},"end":{"line":57,"column":45}},"11":{"start":{"line":59,"column":8},"end":{"line":59,"column":35}},"12":{"start":{"line":61,"column":4},"end":{"line":325,"column":5}},"13":{"start":{"line":69,"column":8},"end":{"line":121,"column":10},"skip":true},"14":{"start":{"line":70,"column":12},"end":{"line":88,"column":13},"skip":true},"15":{"start":{"line":76,"column":16},"end":{"line":87,"column":19},"skip":true},"16":{"start":{"line":79,"column":20},"end":{"line":86,"column":21},"skip":true},"17":{"start":{"line":82,"column":24},"end":{"line":82,"column":43},"skip":true},"18":{"start":{"line":83,"column":24},"end":{"line":83,"column":30},"skip":true},"19":{"start":{"line":85,"column":24},"end":{"line":85,"column":49},"skip":true},"20":{"start":{"line":89,"column":12},"end":{"line":107,"column":13},"skip":true},"21":{"start":{"line":92,"column":16},"end":{"line":102,"column":17},"skip":true},"22":{"start":{"line":93,"column":20},"end":{"line":93,"column":86},"skip":true},"23":{"start":{"line":94,"column":20},"end":{"line":95,"column":45},"skip":true},"24":{"start":{"line":96,"column":20},"end":{"line":96,"column":42},"skip":true},"25":{"start":{"line":97,"column":20},"end":{"line":97,"column":48},"skip":true},"26":{"start":{"line":100,"column":20},"end":{"line":100,"column":85},"skip":true},"27":{"start":{"line":101,"column":20},"end":{"line":101,"column":96},"skip":true},"28":{"start":{"line":103,"column":16},"end":{"line":103,"column":22},"skip":true},"29":{"start":{"line":106,"column":16},"end":{"line":106,"column":22},"skip":true},"30":{"start":{"line":108,"column":12},"end":{"line":120,"column":13},"skip":true},"31":{"start":{"line":114,"column":16},"end":{"line":119,"column":17},"skip":true},"32":{"start":{"line":116,"column":20},"end":{"line":116,"column":78},"skip":true},"33":{"start":{"line":118,"column":20},"end":{"line":118,"column":47},"skip":true},"34":{"start":{"line":123,"column":8},"end":{"line":141,"column":11},"skip":true},"35":{"start":{"line":124,"column":12},"end":{"line":124,"column":54},"skip":true},"36":{"start":{"line":125,"column":12},"end":{"line":140,"column":14},"skip":true},"37":{"start":{"line":126,"column":16},"end":{"line":126,"column":28},"skip":true},"38":{"start":{"line":127,"column":16},"end":{"line":127,"column":69},"skip":true},"39":{"start":{"line":128,"column":16},"end":{"line":128,"column":75},"skip":true},"40":{"start":{"line":129,"column":16},"end":{"line":131,"column":17},"skip":true},"41":{"start":{"line":130,"column":20},"end":{"line":130,"column":27},"skip":true},"42":{"start":{"line":133,"column":16},"end":{"line":137,"column":36},"skip":true},"43":{"start":{"line":134,"column":20},"end":{"line":136,"column":55},"skip":true},"44":{"start":{"line":139,"column":16},"end":{"line":139,"column":57},"skip":true},"45":{"start":{"line":143,"column":8},"end":{"line":147,"column":11},"skip":true},"46":{"start":{"line":144,"column":12},"end":{"line":146,"column":15},"skip":true},"47":{"start":{"line":145,"column":16},"end":{"line":145,"column":70},"skip":true},"48":{"start":{"line":149,"column":8},"end":{"line":149,"column":31},"skip":true},"49":{"start":{"line":150,"column":8},"end":{"line":150,"column":14},"skip":true},"50":{"start":{"line":158,"column":8},"end":{"line":158,"column":31},"skip":true},"51":{"start":{"line":160,"column":8},"end":{"line":160,"column":33},"skip":true},"52":{"start":{"line":161,"column":8},"end":{"line":161,"column":37},"skip":true},"53":{"start":{"line":162,"column":8},"end":{"line":162,"column":35},"skip":true},"54":{"start":{"line":164,"column":8},"end":{"line":164,"column":50},"skip":true},"55":{"start":{"line":166,"column":8},"end":{"line":256,"column":2},"skip":true},"56":{"start":{"line":258,"column":8},"end":{"line":286,"column":9},"skip":true},"57":{"start":{"line":259,"column":12},"end":{"line":269,"column":14},"skip":true},"58":{"start":{"line":271,"column":12},"end":{"line":285,"column":19},"skip":true},"59":{"start":{"line":274,"column":20},"end":{"line":274,"column":35},"skip":true},"60":{"start":{"line":275,"column":20},"end":{"line":284,"column":21},"skip":true},"61":{"start":{"line":277,"column":24},"end":{"line":277,"column":64},"skip":true},"62":{"start":{"line":279,"column":24},"end":{"line":279,"column":40},"skip":true},"63":{"start":{"line":281,"column":24},"end":{"line":281,"column":40},"skip":true},"64":{"start":{"line":283,"column":24},"end":{"line":283,"column":39},"skip":true},"65":{"start":{"line":288,"column":8},"end":{"line":290,"column":9},"skip":true},"66":{"start":{"line":289,"column":12},"end":{"line":289,"column":18},"skip":true},"67":{"start":{"line":291,"column":8},"end":{"line":293,"column":54},"skip":true},"68":{"start":{"line":296,"column":8},"end":{"line":301,"column":37},"skip":true},"69":{"start":{"line":303,"column":8},"end":{"line":303,"column":82},"skip":true},"70":{"start":{"line":306,"column":8},"end":{"line":308,"column":9},"skip":true},"71":{"start":{"line":307,"column":12},"end":{"line":307,"column":82},"skip":true},"72":{"start":{"line":310,"column":8},"end":{"line":312,"column":9},"skip":true},"73":{"start":{"line":311,"column":12},"end":{"line":311,"column":18},"skip":true},"74":{"start":{"line":313,"column":8},"end":{"line":313,"column":54},"skip":true},"75":{"start":{"line":314,"column":8},"end":{"line":314,"column":69},"skip":true},"76":{"start":{"line":315,"column":8},"end":{"line":323,"column":36},"skip":true},"77":{"start":{"line":316,"column":12},"end":{"line":316,"column":61},"skip":true},"78":{"start":{"line":317,"column":12},"end":{"line":320,"column":13},"skip":true},"79":{"start":{"line":318,"column":16},"end":{"line":318,"column":75},"skip":true},"80":{"start":{"line":319,"column":16},"end":{"line":319,"column":23},"skip":true},"81":{"start":{"line":321,"column":12},"end":{"line":321,"column":38},"skip":true},"82":{"start":{"line":322,"column":12},"end":{"line":322,"column":27},"skip":true},"83":{"start":{"line":324,"column":8},"end":{"line":324,"column":14},"skip":true}},"branchMap":{"1":{"line":39,"type":"binary-expr","locations":[{"start":{"line":39,"column":23},"end":{"line":39,"column":62}},{"start":{"line":40,"column":20},"end":{"line":40,"column":70}},{"start":{"line":41,"column":20},"end":{"line":41,"column":71}},{"start":{"line":42,"column":20},"end":{"line":42,"column":29}}]},"2":{"line":44,"type":"binary-expr","locations":[{"start":{"line":44,"column":23},"end":{"line":44,"column":37}},{"start":{"line":45,"column":20},"end":{"line":45,"column":61}},{"start":{"line":46,"column":20},"end":{"line":46,"column":70}},{"start":{"line":47,"column":20},"end":{"line":47,"column":26}}]},"3":{"line":51,"type":"cond-expr","locations":[{"start":{"line":52,"column":14},"end":{"line":52,"column":20}},{"start":{"line":53,"column":14},"end":{"line":53,"column":20}}]},"4":{"line":55,"type":"binary-expr","locations":[{"start":{"line":55,"column":16},"end":{"line":55,"column":44}},{"start":{"line":55,"column":49},"end":{"line":57,"column":43}}]},"5":{"line":55,"type":"cond-expr","locations":[{"start":{"line":56,"column":14},"end":{"line":56,"column":50}},{"start":{"line":57,"column":14},"end":{"line":57,"column":43}}]},"6":{"line":61,"type":"switch","locations":[{"start":{"line":68,"column":4},"end":{"line":150,"column":14},"skip":true},{"start":{"line":156,"column":4},"end":{"line":324,"column":14},"skip":true}]},"7":{"line":70,"type":"if","locations":[{"start":{"line":70,"column":12},"end":{"line":70,"column":12},"skip":true},{"start":{"line":70,"column":12},"end":{"line":70,"column":12},"skip":true}]},"8":{"line":70,"type":"binary-expr","locations":[{"start":{"line":70,"column":16},"end":{"line":70,"column":22},"skip":true},{"start":{"line":70,"column":27},"end":{"line":70,"column":32},"skip":true},{"start":{"line":71,"column":20},"end":{"line":71,"column":39},"skip":true},{"start":{"line":72,"column":20},"end":{"line":72,"column":49},"skip":true},{"start":{"line":73,"column":20},"end":{"line":73,"column":58},"skip":true},{"start":{"line":74,"column":20},"end":{"line":74,"column":69},"skip":true}]},"9":{"line":79,"type":"switch","locations":[{"start":{"line":80,"column":20},"end":{"line":80,"column":33},"skip":true},{"start":{"line":81,"column":20},"end":{"line":83,"column":30},"skip":true},{"start":{"line":84,"column":20},"end":{"line":85,"column":49},"skip":true}]},"10":{"line":89,"type":"switch","locations":[{"start":{"line":90,"column":12},"end":{"line":103,"column":22},"skip":true},{"start":{"line":105,"column":12},"end":{"line":106,"column":22},"skip":true}]},"11":{"line":89,"type":"binary-expr","locations":[{"start":{"line":89,"column":20},"end":{"line":89,"column":25},"skip":true},{"start":{"line":89,"column":29},"end":{"line":89,"column":48},"skip":true},{"start":{"line":89,"column":52},"end":{"line":89,"column":74},"skip":true}]},"12":{"line":92,"type":"if","locations":[{"start":{"line":92,"column":16},"end":{"line":92,"column":16},"skip":true},{"start":{"line":92,"column":16},"end":{"line":92,"column":16},"skip":true}]},"13":{"line":108,"type":"if","locations":[{"start":{"line":108,"column":12},"end":{"line":108,"column":12},"skip":true},{"start":{"line":108,"column":12},"end":{"line":108,"column":12},"skip":true}]},"14":{"line":108,"type":"binary-expr","locations":[{"start":{"line":108,"column":16},"end":{"line":108,"column":61},"skip":true},{"start":{"line":108,"column":66},"end":{"line":108,"column":72},"skip":true},{"start":{"line":108,"column":77},"end":{"line":108,"column":82},"skip":true},{"start":{"line":109,"column":20},"end":{"line":109,"column":39},"skip":true},{"start":{"line":110,"column":20},"end":{"line":110,"column":49},"skip":true},{"start":{"line":111,"column":20},"end":{"line":111,"column":58},"skip":true},{"start":{"line":112,"column":20},"end":{"line":112,"column":68},"skip":true}]},"15":{"line":129,"type":"if","locations":[{"start":{"line":129,"column":16},"end":{"line":129,"column":16},"skip":true},{"start":{"line":129,"column":16},"end":{"line":129,"column":16},"skip":true}]},"16":{"line":134,"type":"cond-expr","locations":[{"start":{"line":135,"column":26},"end":{"line":135,"column":29},"skip":true},{"start":{"line":136,"column":26},"end":{"line":136,"column":54},"skip":true}]},"17":{"line":164,"type":"binary-expr","locations":[{"start":{"line":164,"column":27},"end":{"line":164,"column":43},"skip":true},{"start":{"line":164,"column":47},"end":{"line":164,"column":49},"skip":true}]},"18":{"line":258,"type":"if","locations":[{"start":{"line":258,"column":8},"end":{"line":258,"column":8},"skip":true},{"start":{"line":258,"column":8},"end":{"line":258,"column":8},"skip":true}]},"19":{"line":275,"type":"switch","locations":[{"start":{"line":276,"column":20},"end":{"line":277,"column":64},"skip":true},{"start":{"line":278,"column":20},"end":{"line":279,"column":40},"skip":true},{"start":{"line":280,"column":20},"end":{"line":281,"column":40},"skip":true},{"start":{"line":282,"column":20},"end":{"line":283,"column":39},"skip":true}]},"20":{"line":288,"type":"if","locations":[{"start":{"line":288,"column":8},"end":{"line":288,"column":8},"skip":true},{"start":{"line":288,"column":8},"end":{"line":288,"column":8},"skip":true}]},"21":{"line":288,"type":"binary-expr","locations":[{"start":{"line":288,"column":12},"end":{"line":288,"column":40},"skip":true},{"start":{"line":288,"column":44},"end":{"line":288,"column":67},"skip":true}]},"22":{"line":292,"type":"binary-expr","locations":[{"start":{"line":292,"column":12},"end":{"line":292,"column":50},"skip":true},{"start":{"line":293,"column":12},"end":{"line":293,"column":53},"skip":true}]},"23":{"line":297,"type":"binary-expr","locations":[{"start":{"line":297,"column":12},"end":{"line":297,"column":64},"skip":true},{"start":{"line":298,"column":12},"end":{"line":301,"column":36},"skip":true}]},"24":{"line":303,"type":"binary-expr","locations":[{"start":{"line":303,"column":43},"end":{"line":303,"column":75},"skip":true},{"start":{"line":303,"column":79},"end":{"line":303,"column":81},"skip":true}]},"25":{"line":306,"type":"if","locations":[{"start":{"line":306,"column":8},"end":{"line":306,"column":8},"skip":true},{"start":{"line":306,"column":8},"end":{"line":306,"column":8},"skip":true}]},"26":{"line":310,"type":"if","locations":[{"start":{"line":310,"column":8},"end":{"line":310,"column":8},"skip":true},{"start":{"line":310,"column":8},"end":{"line":310,"column":8},"skip":true}]},"27":{"line":313,"type":"binary-expr","locations":[{"start":{"line":313,"column":27},"end":{"line":313,"column":43},"skip":true},{"start":{"line":313,"column":47},"end":{"line":313,"column":53},"skip":true}]},"28":{"line":317,"type":"if","locations":[{"start":{"line":317,"column":12},"end":{"line":317,"column":12},"skip":true},{"start":{"line":317,"column":12},"end":{"line":317,"column":12},"skip":true}]}},"code":["/*","example.js","","quickstart example","","instruction","    1. save this script as example.js","    2. run the shell command:","        $ npm install npmtest-brunch && PORT=8081 node example.js","    3. play with the browser-demo on http://127.0.0.1:8081","*/","","","","/* istanbul instrument in package npmtest_brunch */","/*jslint","    bitwise: true,","    browser: true,","    maxerr: 8,","    maxlen: 96,","    node: true,","    nomen: true,","    regexp: true,","    stupid: true","*/","(function () {","    'use strict';","    var local;","","","","    // run shared js-env code - pre-init","    (function () {","        // init local","        local = {};","        // init modeJs","        local.modeJs = (function () {","            try {","                return typeof navigator.userAgent === 'string' &&","                    typeof document.querySelector('body') === 'object' &&","                    typeof XMLHttpRequest.prototype.open === 'function' &&","                    'browser';","            } catch (errorCaughtBrowser) {","                return module.exports &&","                    typeof process.versions.node === 'string' &&","                    typeof require('http').createServer === 'function' &&","                    'node';","            }","        }());","        // init global","        local.global = local.modeJs === 'browser'","            ? window","            : global;","        // init utility2_rollup","        local = local.global.utility2_rollup || (local.modeJs === 'browser'","            ? local.global.utility2_npmtest_brunch","            : global.utility2_moduleExports);","        // export local","        local.global.local = local;","    }());","    switch (local.modeJs) {","","","","    // post-init","    // run browser js-env code - post-init","    /* istanbul ignore next */","    case 'browser':","        local.testRunBrowser = function (event) {","            if (!event || (event &&","                    event.currentTarget &&","                    event.currentTarget.className &&","                    event.currentTarget.className.includes &&","                    event.currentTarget.className.includes('onreset'))) {","                // reset output","                Array.from(","                    document.querySelectorAll('body > .resettable')","                ).forEach(function (element) {","                    switch (element.tagName) {","                    case 'INPUT':","                    case 'TEXTAREA':","                        element.value = '';","                        break;","                    default:","                        element.textContent = '';","                    }","                });","            }","            switch (event && event.currentTarget && event.currentTarget.id) {","            case 'testRunButton1':","                // show tests","                if (document.querySelector('#testReportDiv1').style.display === 'none') {","                    document.querySelector('#testReportDiv1').style.display = 'block';","                    document.querySelector('#testRunButton1').textContent =","                        'hide internal test';","                    local.modeTest = true;","                    local.testRunDefault(local);","                // hide tests","                } else {","                    document.querySelector('#testReportDiv1').style.display = 'none';","                    document.querySelector('#testRunButton1').textContent = 'run internal test';","                }","                break;","            // custom-case","            default:","                break;","            }","            if (document.querySelector('#inputTextareaEval1') && (!event || (event &&","                    event.currentTarget &&","                    event.currentTarget.className &&","                    event.currentTarget.className.includes &&","                    event.currentTarget.className.includes('oneval')))) {","                // try to eval input-code","                try {","                    /*jslint evil: true*/","                    eval(document.querySelector('#inputTextareaEval1').value);","                } catch (errorCaught) {","                    console.error(errorCaught);","                }","            }","        };","        // log stderr and stdout to #outputTextareaStdout1","        ['error', 'log'].forEach(function (key) {","            console[key + '_original'] = console[key];","            console[key] = function () {","                var element;","                console[key + '_original'].apply(console, arguments);","                element = document.querySelector('#outputTextareaStdout1');","                if (!element) {","                    return;","                }","                // append text to #outputTextareaStdout1","                element.value += Array.from(arguments).map(function (arg) {","                    return typeof arg === 'string'","                        ? arg","                        : JSON.stringify(arg, null, 4);","                }).join(' ') + '\\n';","                // scroll textarea to bottom","                element.scrollTop = element.scrollHeight;","            };","        });","        // init event-handling","        ['change', 'click', 'keyup'].forEach(function (event) {","            Array.from(document.querySelectorAll('.on' + event)).forEach(function (element) {","                element.addEventListener(event, local.testRunBrowser);","            });","        });","        // run tests","        local.testRunBrowser();","        break;","","","","    // run node js-env code - post-init","    /* istanbul ignore next */","    case 'node':","        // export local","        module.exports = local;","        // require modules","        local.fs = require('fs');","        local.http = require('http');","        local.url = require('url');","        // init assets","        local.assetsDict = local.assetsDict || {};","        /* jslint-ignore-begin */","        local.assetsDict['/assets.index.template.html'] = '\\","<!doctype html>\\n\\","<html lang=\"en\">\\n\\","<head>\\n\\","<meta charset=\"UTF-8\">\\n\\","<meta name=\"viewport\" content=\"width=device-width, initial-scale=1\">\\n\\","<title>{{env.npm_package_name}} (v{{env.npm_package_version}})</title>\\n\\","<style>\\n\\","/*csslint\\n\\","    box-sizing: false,\\n\\","    universal-selector: false\\n\\","*/\\n\\","* {\\n\\","    box-sizing: border-box;\\n\\","}\\n\\","body {\\n\\","    background: #dde;\\n\\","    font-family: Arial, Helvetica, sans-serif;\\n\\","    margin: 2rem;\\n\\","}\\n\\","body > * {\\n\\","    margin-bottom: 1rem;\\n\\","}\\n\\",".utility2FooterDiv {\\n\\","    margin-top: 20px;\\n\\","    text-align: center;\\n\\","}\\n\\","</style>\\n\\","<style>\\n\\","/*csslint\\n\\","*/\\n\\","textarea {\\n\\","    font-family: monospace;\\n\\","    height: 10rem;\\n\\","    width: 100%;\\n\\","}\\n\\","textarea[readonly] {\\n\\","    background: #ddd;\\n\\","}\\n\\","</style>\\n\\","</head>\\n\\","<body>\\n\\","<!-- utility2-comment\\n\\","<div id=\"ajaxProgressDiv1\" style=\"background: #d00; height: 2px; left: 0; margin: 0; padding: 0; position: fixed; top: 0; transition: background 0.5s, width 1.5s; width: 25%;\"></div>\\n\\","utility2-comment -->\\n\\","<h1>\\n\\","<!-- utility2-comment\\n\\","    <a\\n\\","        {{#if env.npm_package_homepage}}\\n\\","        href=\"{{env.npm_package_homepage}}\"\\n\\","        {{/if env.npm_package_homepage}}\\n\\","        target=\"_blank\"\\n\\","    >\\n\\","utility2-comment -->\\n\\","        {{env.npm_package_name}} (v{{env.npm_package_version}})\\n\\","<!-- utility2-comment\\n\\","    </a>\\n\\","utility2-comment -->\\n\\","</h1>\\n\\","<h3>{{env.npm_package_description}}</h3>\\n\\","<!-- utility2-comment\\n\\","<h4><a download href=\"assets.app.js\">download standalone app</a></h4>\\n\\","<button class=\"onclick onreset\" id=\"testRunButton1\">run internal test</button><br>\\n\\","<div id=\"testReportDiv1\" style=\"display: none;\"></div>\\n\\","utility2-comment -->\\n\\","\\n\\","\\n\\","\\n\\","<label>stderr and stdout</label>\\n\\","<textarea class=\"resettable\" id=\"outputTextareaStdout1\" readonly></textarea>\\n\\","<!-- utility2-comment\\n\\","{{#if isRollup}}\\n\\","<script src=\"assets.app.js\"></script>\\n\\","{{#unless isRollup}}\\n\\","utility2-comment -->\\n\\","<script src=\"assets.utility2.rollup.js\"></script>\\n\\","<script src=\"jsonp.utility2._stateInit?callback=window.utility2._stateInit\"></script>\\n\\","<script src=\"assets.npmtest_brunch.rollup.js\"></script>\\n\\","<script src=\"assets.example.js\"></script>\\n\\","<script src=\"assets.test.js\"></script>\\n\\","<!-- utility2-comment\\n\\","{{/if isRollup}}\\n\\","utility2-comment -->\\n\\","<div class=\"utility2FooterDiv\">\\n\\","    [ this app was created with\\n\\","    <a href=\"https://github.com/kaizhu256/node-utility2\" target=\"_blank\">utility2</a>\\n\\","    ]\\n\\","</div>\\n\\","</body>\\n\\","</html>\\n\\","';","        /* jslint-ignore-end */","        if (local.templateRender) {","            local.assetsDict['/'] = local.templateRender(","                local.assetsDict['/assets.index.template.html'],","                {","                    env: local.objectSetDefault(local.env, {","                        npm_package_description: 'the greatest app in the world!',","                        npm_package_name: 'my-app',","                        npm_package_nameAlias: 'my_app',","                        npm_package_version: '0.0.1'","                    })","                }","            );","        } else {","            local.assetsDict['/'] = local.assetsDict['/assets.index.template.html']","                .replace((/\\{\\{env\\.(\\w+?)\\}\\}/g), function (match0, match1) {","                    // jslint-hack","                    String(match0);","                    switch (match1) {","                    case 'npm_package_description':","                        return 'the greatest app in the world!';","                    case 'npm_package_name':","                        return 'my-app';","                    case 'npm_package_nameAlias':","                        return 'my_app';","                    case 'npm_package_version':","                        return '0.0.1';","                    }","                });","        }","        // run the cli","        if (local.global.utility2_rollup || module !== require.main) {","            break;","        }","        local.assetsDict['/assets.example.js'] =","            local.assetsDict['/assets.example.js'] ||","            local.fs.readFileSync(__filename, 'utf8');","        // bug-workaround - long $npm_package_buildCustomOrg","        /* jslint-ignore-begin */","        local.assetsDict['/assets.npmtest_brunch.rollup.js'] =","            local.assetsDict['/assets.npmtest_brunch.rollup.js'] ||","            local.fs.readFileSync(","                local.npmtest_brunch.__dirname + '/lib.npmtest_brunch.js',","                'utf8'","            ).replace((/^#!/), '//');","        /* jslint-ignore-end */","        local.assetsDict['/favicon.ico'] = local.assetsDict['/favicon.ico'] || '';","        // if $npm_config_timeout_exit exists,","        // then exit this process after $npm_config_timeout_exit ms","        if (Number(process.env.npm_config_timeout_exit)) {","            setTimeout(process.exit, Number(process.env.npm_config_timeout_exit));","        }","        // start server","        if (local.global.utility2_serverHttp1) {","            break;","        }","        process.env.PORT = process.env.PORT || '8081';","        console.error('server starting on port ' + process.env.PORT);","        local.http.createServer(function (request, response) {","            request.urlParsed = local.url.parse(request.url);","            if (local.assetsDict[request.urlParsed.pathname] !== undefined) {","                response.end(local.assetsDict[request.urlParsed.pathname]);","                return;","            }","            response.statusCode = 404;","            response.end();","        }).listen(process.env.PORT);","        break;","    }","}());",""],"l":{"26":2,"28":2,"33":2,"35":2,"37":2,"38":2,"39":2,"44":1,"51":2,"55":2,"59":2,"61":2,"69":1,"70":2,"76":2,"79":2,"82":2,"83":2,"85":1,"89":2,"92":1,"93":1,"94":1,"96":1,"97":1,"100":1,"101":1,"103":1,"106":1,"108":2,"114":1,"116":1,"118":1,"123":1,"124":2,"125":2,"126":3,"127":3,"128":3,"129":3,"130":1,"133":3,"134":3,"139":3,"143":1,"144":3,"145":1,"149":1,"150":1,"158":1,"160":1,"161":1,"162":1,"164":1,"166":1,"258":1,"259":1,"271":1,"274":6,"275":6,"277":1,"279":2,"281":1,"283":2,"288":1,"289":1,"291":1,"296":1,"303":1,"306":1,"307":1,"310":1,"311":1,"313":1,"314":1,"315":1,"316":1,"317":1,"318":1,"319":1,"321":1,"322":1,"324":1}},"/home/travis/build/npmtest/node-npmtest-brunch/node_modules/brunch/lib/index.js":{"path":"/home/travis/build/npmtest/node-npmtest-brunch/node_modules/brunch/lib/index.js","s":{"1":1,"2":1,"3":1,"4":1,"5":1,"6":0,"7":0,"8":0,"9":0,"10":0,"11":0,"12":1,"13":0,"14":1,"15":1,"16":0,"17":0,"18":0,"19":0,"20":1,"21":0,"22":0,"23":0,"24":0,"25":0,"26":0,"27":0,"28":1,"29":1},"b":{"1":[0,0],"2":[0,0],"3":[0,0,0],"4":[0,0,0],"5":[0,0],"6":[0,0],"7":[0,0],"8":[0,0]},"f":{},"fnMap":{},"statementMap":{"1":{"start":{"line":2,"column":0},"end":{"line":2,"column":26}},"2":{"start":{"line":3,"column":0},"end":{"line":3,"column":44}},"3":{"start":{"line":4,"column":0},"end":{"line":4,"column":32}},"4":{"start":{"line":5,"column":0},"end":{"line":5,"column":45}},"5":{"start":{"line":6,"column":0},"end":{"line":16,"column":2}},"6":{"start":{"line":7,"column":2},"end":{"line":7,"column":41}},"7":{"start":{"line":8,"column":2},"end":{"line":8,"column":60}},"8":{"start":{"line":9,"column":2},"end":{"line":9,"column":62}},"9":{"start":{"line":10,"column":2},"end":{"line":10,"column":25}},"10":{"start":{"line":10,"column":18},"end":{"line":10,"column":25}},"11":{"start":{"line":12,"column":2},"end":{"line":15,"column":5}},"12":{"start":{"line":18,"column":0},"end":{"line":20,"column":2}},"13":{"start":{"line":19,"column":2},"end":{"line":19,"column":53}},"14":{"start":{"line":22,"column":0},"end":{"line":22,"column":64}},"15":{"start":{"line":23,"column":0},"end":{"line":36,"column":2}},"16":{"start":{"line":24,"column":2},"end":{"line":24,"column":32}},"17":{"start":{"line":26,"column":2},"end":{"line":26,"column":53}},"18":{"start":{"line":27,"column":2},"end":{"line":29,"column":20}},"19":{"start":{"line":31,"column":2},"end":{"line":35,"column":5}},"20":{"start":{"line":38,"column":0},"end":{"line":48,"column":2}},"21":{"start":{"line":39,"column":2},"end":{"line":39,"column":51}},"22":{"start":{"line":40,"column":2},"end":{"line":44,"column":3}},"23":{"start":{"line":41,"column":4},"end":{"line":41,"column":57}},"24":{"start":{"line":42,"column":4},"end":{"line":42,"column":44}},"25":{"start":{"line":42,"column":24},"end":{"line":42,"column":44}},"26":{"start":{"line":43,"column":4},"end":{"line":43,"column":27}},"27":{"start":{"line":47,"column":2},"end":{"line":47,"column":52}},"28":{"start":{"line":50,"column":0},"end":{"line":50,"column":40}},"29":{"start":{"line":51,"column":0},"end":{"line":51,"column":39}}},"branchMap":{"1":{"line":9,"type":"binary-expr","locations":[{"start":{"line":9,"column":20},"end":{"line":9,"column":37}},{"start":{"line":9,"column":41},"end":{"line":9,"column":61}}]},"2":{"line":10,"type":"if","locations":[{"start":{"line":10,"column":2},"end":{"line":10,"column":2}},{"start":{"line":10,"column":2},"end":{"line":10,"column":2}}]},"3":{"line":19,"type":"binary-expr","locations":[{"start":{"line":19,"column":9},"end":{"line":19,"column":12}},{"start":{"line":19,"column":16},"end":{"line":19,"column":39}},{"start":{"line":19,"column":43},"end":{"line":19,"column":52}}]},"4":{"line":27,"type":"binary-expr","locations":[{"start":{"line":27,"column":19},"end":{"line":27,"column":35}},{"start":{"line":28,"column":4},"end":{"line":28,"column":36}},{"start":{"line":29,"column":4},"end":{"line":29,"column":19}}]},"5":{"line":39,"type":"binary-expr","locations":[{"start":{"line":39,"column":18},"end":{"line":39,"column":32}},{"start":{"line":39,"column":36},"end":{"line":39,"column":50}}]},"6":{"line":40,"type":"if","locations":[{"start":{"line":40,"column":2},"end":{"line":40,"column":2}},{"start":{"line":40,"column":2},"end":{"line":40,"column":2}}]},"7":{"line":41,"type":"cond-expr","locations":[{"start":{"line":41,"column":43},"end":{"line":41,"column":50}},{"start":{"line":41,"column":53},"end":{"line":41,"column":56}}]},"8":{"line":42,"type":"if","locations":[{"start":{"line":42,"column":4},"end":{"line":42,"column":4}},{"start":{"line":42,"column":4},"end":{"line":42,"column":4}}]}},"code":["'use strict';","require('micro-es7-shim');","require('promise.prototype.finally').shim();","const logger = require('loggy');","const BrunchError = require('./utils/error');","const checkLegacyNewSyntax = options => {","  const rawArgs = options.parent.rawArgs;","  const newArgs = rawArgs.slice(rawArgs.indexOf('new') + 1);","  const oldSyntax = !options.skeleton && newArgs.length === 2;","  if (!oldSyntax) return;","","  throw new BrunchError('LEGACY_NEW_SYNTAX', {","    skeleton: newArgs[0],","    path: newArgs[1],","  });","};","","const hasDebug = obj => {","  return obj && typeof obj === 'object' && obj.debug;","};","","const defaultSkeleton = 'https://github.com/brunch/dead-simple';","exports.new = (rootPath, options) => {","  checkLegacyNewSyntax(options);","","  const initSkeleton = require('init-skeleton').init;","  const skeleton = options.skeleton ||","    process.env.BRUNCH_INIT_SKELETON ||","    defaultSkeleton;","","  return initSkeleton(skeleton, {","    logger,","    rootPath,","    commandName: 'brunch new',","  });","};","","const start = (persistent, arg2, arg3) => {","  const isDebug = hasDebug(arg2) || hasDebug(arg3);","  if (isDebug) {","    let ns = typeof isDebug === 'string' ? isDebug : '*';","    if (ns !== 'speed') ns = `brunch:${ns}`;","    process.env.DEBUG = ns;","  }","  // We require `watch` after we assigned `process.env.DEBUG` any value.","  // Otherwise it would be `undefined` and debug messages wouldn't be shown.","  return require('./watch')(persistent, arg2, arg3);","};","","exports.build = start.bind(null, false);","exports.watch = start.bind(null, true);",""],"l":{"2":1,"3":1,"4":1,"5":1,"6":1,"7":0,"8":0,"9":0,"10":0,"12":0,"18":1,"19":0,"22":1,"23":1,"24":0,"26":0,"27":0,"31":0,"38":1,"39":0,"40":0,"41":0,"42":0,"43":0,"47":0,"50":1,"51":1}},"/home/travis/build/npmtest/node-npmtest-brunch/node_modules/brunch/lib/utils/error.js":{"path":"/home/travis/build/npmtest/node-npmtest-brunch/node_modules/brunch/lib/utils/error.js","s":{"1":1,"2":1,"3":0,"4":0,"5":0,"6":0,"7":0,"8":0,"9":0,"10":0,"11":0,"12":0,"13":0,"14":0,"15":1},"b":{"1":[0,0],"2":[0,0],"3":[0,0],"4":[0,0],"5":[0,0],"6":[0,0]},"f":{"1":0},"fnMap":{"1":{"name":"(anonymous_1)","line":15,"loc":{"start":{"line":15,"column":13},"end":{"line":15,"column":28}}}},"statementMap":{"1":{"start":{"line":2,"column":0},"end":{"line":2,"column":39}},"2":{"start":{"line":3,"column":0},"end":{"line":12,"column":2}},"3":{"start":{"line":4,"column":2},"end":{"line":4,"column":24}},"4":{"start":{"line":5,"column":2},"end":{"line":8,"column":5}},"5":{"start":{"line":6,"column":4},"end":{"line":6,"column":42}},"6":{"start":{"line":6,"column":25},"end":{"line":6,"column":42}},"7":{"start":{"line":7,"column":4},"end":{"line":7,"column":29}},"8":{"start":{"line":10,"column":2},"end":{"line":10,"column":55}},"9":{"start":{"line":10,"column":18},"end":{"line":10,"column":55}},"10":{"start":{"line":11,"column":2},"end":{"line":11,"column":17}},"11":{"start":{"line":16,"column":4},"end":{"line":16,"column":65}},"12":{"start":{"line":17,"column":4},"end":{"line":17,"column":19}},"13":{"start":{"line":19,"column":4},"end":{"line":19,"column":30}},"14":{"start":{"line":20,"column":4},"end":{"line":20,"column":21}},"15":{"start":{"line":24,"column":0},"end":{"line":24,"column":29}}},"branchMap":{"1":{"line":6,"type":"if","locations":[{"start":{"line":6,"column":4},"end":{"line":6,"column":4}},{"start":{"line":6,"column":4},"end":{"line":6,"column":4}}]},"2":{"line":7,"type":"binary-expr","locations":[{"start":{"line":7,"column":11},"end":{"line":7,"column":22}},{"start":{"line":7,"column":26},"end":{"line":7,"column":28}}]},"3":{"line":10,"type":"if","locations":[{"start":{"line":10,"column":2},"end":{"line":10,"column":2}},{"start":{"line":10,"column":2},"end":{"line":10,"column":2}}]},"4":{"line":10,"type":"binary-expr","locations":[{"start":{"line":10,"column":34},"end":{"line":10,"column":46}},{"start":{"line":10,"column":50},"end":{"line":10,"column":52}}]},"5":{"line":16,"type":"binary-expr","locations":[{"start":{"line":16,"column":27},"end":{"line":16,"column":41}},{"start":{"line":16,"column":45},"end":{"line":16,"column":49}}]},"6":{"line":16,"type":"binary-expr","locations":[{"start":{"line":16,"column":51},"end":{"line":16,"column":57}},{"start":{"line":16,"column":61},"end":{"line":16,"column":63}}]}},"code":["'use strict';","const messages = require('./messages');","const format = (template, params) => {","  let withError = false;","  let message = template.replace(/#{\\s*(\\w+)\\s*}/g, (_, key) => {","    if (key === 'error') withError = true;","    return params[key] || '';","  });","","  if (!withError) message += `\\n${params.error || ''}`;","  return message;","};","","class BrunchError extends Error {","  constructor(code, params) {","    const message = format(messages[code] || code, params || {});","    super(message);","","    this.name = 'BrunchError';","    this.code = code;","  }","}","","module.exports = BrunchError;",""],"l":{"2":1,"3":1,"4":0,"5":0,"6":0,"7":0,"10":0,"11":0,"16":0,"17":0,"19":0,"20":0,"24":1}},"/home/travis/build/npmtest/node-npmtest-brunch/node_modules/brunch/lib/cli.js":{"path":"/home/travis/build/npmtest/node-npmtest-brunch/node_modules/brunch/lib/cli.js","s":{"1":1,"2":1,"3":0,"4":0,"5":1,"6":1,"7":1,"8":1,"9":1,"10":0,"11":1,"12":1,"13":1,"14":1,"15":1,"16":2,"17":1,"18":2,"19":1,"20":0,"21":1,"22":0,"23":1,"24":0,"25":1,"26":1,"27":0,"28":0,"29":0,"30":0,"31":0,"32":0,"33":1,"34":1,"35":1,"36":1,"37":1,"38":1,"39":0,"40":0,"41":1,"42":1,"43":3,"44":1,"45":1},"b":{"1":[0,1],"2":[0,1],"3":[0,1],"4":[0,1],"5":[0,1],"6":[0,0],"7":[0,0],"8":[0,1],"9":[3,3],"10":[1,0]},"f":{"1":0,"2":1,"3":1,"4":2,"5":2,"6":0,"7":1,"8":3},"fnMap":{"1":{"name":"(anonymous_1)","line":31,"loc":{"start":{"line":31,"column":16},"end":{"line":31,"column":27}}},"2":{"name":"(anonymous_2)","line":60,"loc":{"start":{"line":60,"column":29},"end":{"line":60,"column":53}}},"3":{"name":"(anonymous_3)","line":61,"loc":{"start":{"line":61,"column":15},"end":{"line":61,"column":31}}},"4":{"name":"(anonymous_4)","line":62,"loc":{"start":{"line":62,"column":22},"end":{"line":62,"column":36}}},"5":{"name":"(anonymous_5)","line":66,"loc":{"start":{"line":66,"column":19},"end":{"line":66,"column":35}}},"6":{"name":"(anonymous_6)","line":85,"loc":{"start":{"line":85,"column":37},"end":{"line":85,"column":51}}},"7":{"name":"(anonymous_7)","line":95,"loc":{"start":{"line":95,"column":14},"end":{"line":95,"column":25}}},"8":{"name":"(anonymous_8)","line":111,"loc":{"start":{"line":111,"column":43},"end":{"line":111,"column":57}}}},"statementMap":{"1":{"start":{"line":5,"column":0},"end":{"line":5,"column":36}},"2":{"start":{"line":6,"column":0},"end":{"line":16,"column":1}},"3":{"start":{"line":7,"column":2},"end":{"line":14,"column":4}},"4":{"start":{"line":15,"column":2},"end":{"line":15,"column":18}},"5":{"start":{"line":19,"column":0},"end":{"line":19,"column":35}},"6":{"start":{"line":20,"column":0},"end":{"line":20,"column":30}},"7":{"start":{"line":21,"column":0},"end":{"line":21,"column":28}},"8":{"start":{"line":23,"column":0},"end":{"line":25,"column":32}},"9":{"start":{"line":27,"column":0},"end":{"line":34,"column":24}},"10":{"start":{"line":32,"column":4},"end":{"line":32,"column":58}},"11":{"start":{"line":36,"column":0},"end":{"line":44,"column":26}},"12":{"start":{"line":46,"column":0},"end":{"line":58,"column":26}},"13":{"start":{"line":60,"column":0},"end":{"line":92,"column":2}},"14":{"start":{"line":61,"column":2},"end":{"line":65,"column":4}},"15":{"start":{"line":62,"column":4},"end":{"line":64,"column":7}},"16":{"start":{"line":63,"column":6},"end":{"line":63,"column":32}},"17":{"start":{"line":66,"column":2},"end":{"line":68,"column":4}},"18":{"start":{"line":67,"column":4},"end":{"line":67,"column":35}},"19":{"start":{"line":70,"column":2},"end":{"line":72,"column":3}},"20":{"start":{"line":71,"column":4},"end":{"line":71,"column":66}},"21":{"start":{"line":73,"column":2},"end":{"line":75,"column":3}},"22":{"start":{"line":74,"column":4},"end":{"line":74,"column":260}},"23":{"start":{"line":76,"column":2},"end":{"line":78,"column":3}},"24":{"start":{"line":77,"column":4},"end":{"line":77,"column":231}},"25":{"start":{"line":79,"column":2},"end":{"line":79,"column":34}},"26":{"start":{"line":80,"column":2},"end":{"line":91,"column":3}},"27":{"start":{"line":83,"column":4},"end":{"line":83,"column":33}},"28":{"start":{"line":84,"column":4},"end":{"line":90,"column":5}},"29":{"start":{"line":85,"column":6},"end":{"line":87,"column":9}},"30":{"start":{"line":86,"column":8},"end":{"line":86,"column":41}},"31":{"start":{"line":88,"column":6},"end":{"line":88,"column":58}},"32":{"start":{"line":89,"column":6},"end":{"line":89,"column":113}},"33":{"start":{"line":95,"column":0},"end":{"line":116,"column":2}},"34":{"start":{"line":96,"column":2},"end":{"line":96,"column":34}},"35":{"start":{"line":97,"column":2},"end":{"line":97,"column":24}},"36":{"start":{"line":101,"column":2},"end":{"line":101,"column":21}},"37":{"start":{"line":103,"column":2},"end":{"line":103,"column":52}},"38":{"start":{"line":104,"column":2},"end":{"line":107,"column":3}},"39":{"start":{"line":105,"column":4},"end":{"line":105,"column":24}},"40":{"start":{"line":106,"column":4},"end":{"line":106,"column":11}},"41":{"start":{"line":109,"column":2},"end":{"line":109,"column":22}},"42":{"start":{"line":111,"column":2},"end":{"line":113,"column":5}},"43":{"start":{"line":112,"column":4},"end":{"line":112,"column":61}},"44":{"start":{"line":115,"column":2},"end":{"line":115,"column":36}},"45":{"start":{"line":115,"column":21},"end":{"line":115,"column":36}}},"branchMap":{"1":{"line":6,"type":"if","locations":[{"start":{"line":6,"column":0},"end":{"line":6,"column":0}},{"start":{"line":6,"column":0},"end":{"line":6,"column":0}}]},"2":{"line":70,"type":"if","locations":[{"start":{"line":70,"column":2},"end":{"line":70,"column":2}},{"start":{"line":70,"column":2},"end":{"line":70,"column":2}}]},"3":{"line":73,"type":"if","locations":[{"start":{"line":73,"column":2},"end":{"line":73,"column":2}},{"start":{"line":73,"column":2},"end":{"line":73,"column":2}}]},"4":{"line":76,"type":"if","locations":[{"start":{"line":76,"column":2},"end":{"line":76,"column":2}},{"start":{"line":76,"column":2},"end":{"line":76,"column":2}}]},"5":{"line":80,"type":"if","locations":[{"start":{"line":80,"column":2},"end":{"line":80,"column":2}},{"start":{"line":80,"column":2},"end":{"line":80,"column":2}}]},"6":{"line":84,"type":"if","locations":[{"start":{"line":84,"column":4},"end":{"line":84,"column":4}},{"start":{"line":84,"column":4},"end":{"line":84,"column":4}}]},"7":{"line":86,"type":"cond-expr","locations":[{"start":{"line":86,"column":30},"end":{"line":86,"column":34}},{"start":{"line":86,"column":37},"end":{"line":86,"column":40}}]},"8":{"line":104,"type":"if","locations":[{"start":{"line":104,"column":2},"end":{"line":104,"column":2}},{"start":{"line":104,"column":2},"end":{"line":104,"column":2}}]},"9":{"line":112,"type":"binary-expr","locations":[{"start":{"line":112,"column":11},"end":{"line":112,"column":33}},{"start":{"line":112,"column":37},"end":{"line":112,"column":60}}]},"10":{"line":115,"type":"if","locations":[{"start":{"line":115,"column":2},"end":{"line":115,"column":2}},{"start":{"line":115,"column":2},"end":{"line":115,"column":2}}]}},"code":["'use strict';","","/* eslint-disable prefer-arrow-callback, prefer-template */","/* eslint-env es6:false */","var version = process.versions.node;","if (parseInt(version) < 4) {","  console.error(","    'Your global Brunch installation is trying to load local Brunch v2+, ' +","    'which only supports Node.js v4 or higher (you have ' + version + ').\\n' +","    'You have two choices:\\n' +","    '  a) Update Node.js to v4+. Then update global Brunch: ' +","    '`npm un -g brunch && npm i -g brunch`\\n' +","    '  b) Adjust package.json to use Brunch 1.x (outdated, not recommended).'","  );","  process.exit(1);","}","","// The files use ES2015, which cannot be used with old Brunches.","var program = require('commander');","var logger = require('loggy');","var commands = require('.');","","program","  .version(require('../package.json').version, '-v, --version')","  .usage('[command] [options]');","","program.command('new [path]')","  .alias('n')","  .description('Create new Brunch project in path.')","  .option('-s, --skeleton [name]', 'skeleton name or URL from brunch.io/skeletons')","  .on('--help', function() {","    require('init-skeleton').printBanner('brunch new -s');","  })","  .action(commands.new);","","program.command('build [path]')","  .alias('b')","  .description('Build a Brunch project.')","  .option('-e, --env [setting]', 'specify a set of override settings to apply')","  .option('-p, --production', 'same as `--env production`')","  .option('-d, --debug [pattern]', 'print verbose debug output to stdout')","  .option('-j, --jobs [num]', 'parallelize the build')","  .option('-c, --config [path]', 'specify a path to Brunch config file')","  .action(commands.build);","","program.command('watch [path]')","  .alias('w')","  .description('Watch Brunch directory and rebuild if something changed.')","  .option('-e, --env [setting]', 'specify a set of override settings to apply')","  .option('-p, --production', 'same as `--env production`')","  .option('-s, --server', 'run a simple http server for the public dir on localhost')","  .option('-n, --network', 'if `server` was given, allow access from the network')","  .option('-P, --port [port]', 'if `server` was given, listen on this port')","  .option('-d, --debug [pattern]', 'print verbose debug output to stdout')","  .option('-j, --jobs [num]', 'parallelize the build')","  .option('-c, --config [path]', 'specify a path to Brunch config file')","  .option('--stdin', 'listen to stdin and exit when stdin closes')","  .action(commands.watch);","","var checkForRemovedOptions = function(args, command) {","  var hasArg = function(deprs) {","    return deprs.some(function(arg) {","      return args.includes(arg);","    });","  };","  var hasCommand = function(valid) {","    return valid.includes(command);","  };","  // Deprecations","  if (hasArg(['-o', '--optimize'])) {","    return '--optimize has been removed. Use `-p / --production`';","  }","  if (hasCommand(['g', 'd', 'generate', 'destroy'])) {","    return '`brunch generate / destroy` command has been removed.\\n\\nUse scaffolt (https://github.com/paulmillr/scaffolt)\\nsuccessor or similar:\\n    npm install -g scaffolt\\n    scaffolt <type> <name> [options]\\n    scaffolt <type> <name> [options] --revert';","  }","  if (hasCommand(['t', 'test'])) {","    return '`brunch test` command has been removed.\\n\\nUse mocha-phantomjs (http://metaskills.net/mocha-phantomjs/)\\nsuccessor or similar:\\n    npm install -g mocha-phantomjs\\n    mocha-phantomjs [options] <your-html-file-or-url>';","  }","  var pIndex = args.indexOf('-p');","  if (pIndex !== -1) {","    // if -p is followed by a number, the user probably wants to specify the port","    // the new option name for port is -P","    var port = +args[pIndex + 1];","    if (Number.isInteger(port)) {","      var parsed = args.slice(2).map(function(arg) {","        return arg === '-p' ? '-P' : arg;","      });","      var corrected = ['brunch'].concat(parsed).join(' ');","      return 'The `-p` option is no longer used to specify the port. Use `-P` instead, e.g. `' + corrected + '`';","    }","  }","};","","// The fn would be executed every time user run `bin/brunch`.","exports.run = function() {","  var args = process.argv.slice();","  var command = args[2];","","  // Need this since `brunch` binary will fork and run `run-cli`,","  // but we still want to see `brunch` in help.","  args[1] = 'brunch';","","  var error = checkForRemovedOptions(args, command);","  if (error) {","    logger.error(error);","    return;","  }","","  program.parse(args);","","  var validCommand = program.commands.some(function(cmd) {","    return cmd.name() === command || cmd.alias() === command;","  });","","  if (!validCommand) program.help();","};",""],"l":{"5":1,"6":1,"7":0,"15":0,"19":1,"20":1,"21":1,"23":1,"27":1,"32":0,"36":1,"46":1,"60":1,"61":1,"62":1,"63":2,"66":1,"67":2,"70":1,"71":0,"73":1,"74":0,"76":1,"77":0,"79":1,"80":1,"83":0,"84":0,"85":0,"86":0,"88":0,"89":0,"95":1,"96":1,"97":1,"101":1,"103":1,"104":1,"105":0,"106":0,"109":1,"111":1,"112":3,"115":1}},"/home/travis/build/npmtest/node-npmtest-brunch/node_modules/brunch/lib/run-cli.js":{"path":"/home/travis/build/npmtest/node-npmtest-brunch/node_modules/brunch/lib/run-cli.js","s":{"1":1},"b":{},"f":{},"fnMap":{},"statementMap":{"1":{"start":{"line":3,"column":0},"end":{"line":3,"column":23}}},"branchMap":{},"code":["'use strict';","// For workers.","require('./cli').run();",""],"l":{"3":1}},"/home/travis/build/npmtest/node-npmtest-brunch/node_modules/brunch/lib/watch.js":{"path":"/home/travis/build/npmtest/node-npmtest-brunch/node_modules/brunch/lib/watch.js","s":{"1":1,"2":1,"3":1,"4":1,"5":1,"6":1,"7":1,"8":1,"9":1,"10":1,"11":1,"12":1,"13":1,"14":1,"15":1,"16":1,"17":1,"18":1,"19":1,"20":0,"21":0,"22":0,"23":0,"24":0,"25":0,"26":1,"27":0,"28":0,"29":0,"30":0,"31":0,"32":0,"33":0,"34":0,"35":1,"36":0,"37":0,"38":0,"39":1,"40":0,"41":0,"42":0,"43":0,"44":0,"45":0,"46":0,"47":1,"48":0,"49":0,"50":0,"51":0,"52":0,"53":0,"54":0,"55":0,"56":0,"57":0,"58":0,"59":0,"60":0,"61":0,"62":0,"63":0,"64":0,"65":0,"66":0,"67":0,"68":0,"69":0,"70":0,"71":0,"72":0,"73":0,"74":0,"75":0,"76":0,"77":0,"78":0,"79":0,"80":0,"81":0,"82":0,"83":0,"84":0,"85":0,"86":0,"87":0,"88":0,"89":0,"90":0,"91":0,"92":0,"93":0,"94":0,"95":0,"96":0,"97":0,"98":0,"99":0,"100":0,"101":0,"102":0,"103":0,"104":0,"105":0,"106":0,"107":0,"108":0,"109":0,"110":0,"111":0,"112":0,"113":0,"114":0,"115":0,"116":0,"117":0,"118":0,"119":0,"120":0,"121":0,"122":0,"123":0,"124":0,"125":0,"126":0,"127":0,"128":0,"129":0,"130":0,"131":0,"132":0,"133":0,"134":0,"135":0,"136":0,"137":0,"138":0,"139":0,"140":0,"141":0,"142":0,"143":0,"144":0,"145":0,"146":0,"147":0,"148":0,"149":0,"150":0,"151":0,"152":0,"153":0,"154":0,"155":0,"156":0,"157":0,"158":0,"159":0,"160":0,"161":0,"162":0,"163":0,"164":0,"165":0,"166":0,"167":0,"168":0,"169":0,"170":0,"171":0,"172":0,"173":0,"174":0,"175":0,"176":0,"177":0,"178":0,"179":0,"180":0,"181":0,"182":0,"183":0,"184":0,"185":0,"186":0,"187":0,"188":0,"189":0,"190":0,"191":0,"192":0,"193":0,"194":0,"195":0,"196":0,"197":0,"198":0,"199":0,"200":0,"201":0,"202":0,"203":0,"204":0,"205":0,"206":0,"207":0,"208":0,"209":0,"210":0,"211":0,"212":0,"213":0,"214":0,"215":0,"216":0,"217":0,"218":0,"219":0,"220":0,"221":0,"222":1,"223":0,"224":0,"225":0,"226":0,"227":0,"228":0,"229":0,"230":0,"231":0,"232":1},"b":{"1":[0,0],"2":[0,0],"3":[0,0],"4":[0,0,0],"5":[0,0,0],"6":[0,0],"7":[0,0,0],"8":[0,0],"9":[0,0],"10":[0,0],"11":[0,0],"12":[0,0],"13":[0,0],"14":[0,0],"15":[0,0],"16":[0,0],"17":[0,0],"18":[0,0],"19":[0,0],"20":[0,0],"21":[0,0],"22":[0,0],"23":[0,0],"24":[0,0],"25":[0,0],"26":[0,0],"27":[0,0],"28":[0,0],"29":[0,0],"30":[0,0],"31":[0,0],"32":[0,0],"33":[0,0],"34":[0,0],"35":[0,0],"36":[0,0],"37":[0,0],"38":[0,0],"39":[0,0],"40":[0,0],"41":[0,0],"42":[0,0],"43":[0,0],"44":[0,0],"45":[0,0]},"f":{"1":0,"2":0,"3":0,"4":0,"5":0,"6":0,"7":0,"8":0,"9":0,"10":0,"11":0},"fnMap":{"1":{"name":"(anonymous_1)","line":38,"loc":{"start":{"line":38,"column":24},"end":{"line":38,"column":35}}},"2":{"name":"(anonymous_2)","line":88,"loc":{"start":{"line":88,"column":13},"end":{"line":88,"column":46}}},"3":{"name":"(anonymous_3)","line":148,"loc":{"start":{"line":148,"column":17},"end":{"line":148,"column":20}}},"4":{"name":"(anonymous_4)","line":187,"loc":{"start":{"line":187,"column":21},"end":{"line":187,"column":34}}},"5":{"name":"(anonymous_5)","line":192,"loc":{"start":{"line":192,"column":13},"end":{"line":192,"column":28}}},"6":{"name":"(anonymous_6)","line":241,"loc":{"start":{"line":241,"column":15},"end":{"line":241,"column":25}}},"7":{"name":"(anonymous_7)","line":274,"loc":{"start":{"line":274,"column":9},"end":{"line":274,"column":12}}},"8":{"name":"(anonymous_8)","line":335,"loc":{"start":{"line":335,"column":17},"end":{"line":335,"column":20}}},"9":{"name":"(anonymous_9)","line":345,"loc":{"start":{"line":345,"column":18},"end":{"line":345,"column":31}}},"10":{"name":"(anonymous_10)","line":358,"loc":{"start":{"line":358,"column":17},"end":{"line":358,"column":20}}},"11":{"name":"(anonymous_11)","line":364,"loc":{"start":{"line":364,"column":12},"end":{"line":364,"column":15}}}},"statementMap":{"1":{"start":{"line":2,"column":0},"end":{"line":2,"column":42}},"2":{"start":{"line":3,"column":0},"end":{"line":3,"column":41}},"3":{"start":{"line":4,"column":0},"end":{"line":4,"column":32}},"4":{"start":{"line":5,"column":0},"end":{"line":5,"column":37}},"5":{"start":{"line":6,"column":0},"end":{"line":6,"column":47}},"6":{"start":{"line":7,"column":0},"end":{"line":7,"column":41}},"7":{"start":{"line":8,"column":0},"end":{"line":8,"column":44}},"8":{"start":{"line":9,"column":0},"end":{"line":9,"column":41}},"9":{"start":{"line":10,"column":0},"end":{"line":10,"column":35}},"10":{"start":{"line":11,"column":0},"end":{"line":11,"column":40}},"11":{"start":{"line":13,"column":0},"end":{"line":13,"column":37}},"12":{"start":{"line":14,"column":0},"end":{"line":14,"column":42}},"13":{"start":{"line":15,"column":0},"end":{"line":15,"column":49}},"14":{"start":{"line":16,"column":0},"end":{"line":16,"column":49}},"15":{"start":{"line":17,"column":0},"end":{"line":17,"column":48}},"16":{"start":{"line":19,"column":0},"end":{"line":19,"column":46}},"17":{"start":{"line":20,"column":0},"end":{"line":20,"column":43}},"18":{"start":{"line":21,"column":0},"end":{"line":21,"column":43}},"19":{"start":{"line":23,"column":0},"end":{"line":29,"column":2}},"20":{"start":{"line":24,"column":2},"end":{"line":24,"column":33}},"21":{"start":{"line":25,"column":2},"end":{"line":25,"column":27}},"22":{"start":{"line":25,"column":20},"end":{"line":25,"column":27}},"23":{"start":{"line":26,"column":2},"end":{"line":28,"column":5}},"24":{"start":{"line":26,"column":28},"end":{"line":28,"column":4}},"25":{"start":{"line":27,"column":4},"end":{"line":27,"column":31}},"26":{"start":{"line":31,"column":0},"end":{"line":47,"column":2}},"27":{"start":{"line":32,"column":2},"end":{"line":46,"column":9}},"28":{"start":{"line":33,"column":4},"end":{"line":33,"column":50}},"29":{"start":{"line":34,"column":4},"end":{"line":36,"column":5}},"30":{"start":{"line":35,"column":6},"end":{"line":35,"column":38}},"31":{"start":{"line":38,"column":4},"end":{"line":43,"column":6}},"32":{"start":{"line":40,"column":6},"end":{"line":42,"column":9}},"33":{"start":{"line":41,"column":8},"end":{"line":41,"column":53}},"34":{"start":{"line":45,"column":4},"end":{"line":45,"column":23}},"35":{"start":{"line":49,"column":0},"end":{"line":54,"column":2}},"36":{"start":{"line":50,"column":2},"end":{"line":53,"column":5}},"37":{"start":{"line":52,"column":4},"end":{"line":52,"column":56}},"38":{"start":{"line":52,"column":41},"end":{"line":52,"column":54}},"39":{"start":{"line":57,"column":0},"end":{"line":63,"column":2}},"40":{"start":{"line":58,"column":2},"end":{"line":58,"column":46}},"41":{"start":{"line":59,"column":2},"end":{"line":59,"column":33}},"42":{"start":{"line":60,"column":2},"end":{"line":60,"column":78}},"43":{"start":{"line":60,"column":27},"end":{"line":60,"column":77}},"44":{"start":{"line":60,"column":68},"end":{"line":60,"column":75}},"45":{"start":{"line":61,"column":2},"end":{"line":61,"column":95}},"46":{"start":{"line":62,"column":2},"end":{"line":62,"column":41}},"47":{"start":{"line":65,"column":0},"end":{"line":75,"column":2}},"48":{"start":{"line":66,"column":2},"end":{"line":66,"column":22}},"49":{"start":{"line":67,"column":2},"end":{"line":67,"column":38}},"50":{"start":{"line":68,"column":2},"end":{"line":68,"column":45}},"51":{"start":{"line":68,"column":38},"end":{"line":68,"column":45}},"52":{"start":{"line":70,"column":2},"end":{"line":70,"column":38}},"53":{"start":{"line":71,"column":2},"end":{"line":71,"column":30}},"54":{"start":{"line":72,"column":2},"end":{"line":74,"column":29}},"55":{"start":{"line":89,"column":4},"end":{"line":89,"column":43}},"56":{"start":{"line":90,"column":4},"end":{"line":90,"column":41}},"57":{"start":{"line":91,"column":4},"end":{"line":91,"column":52}},"58":{"start":{"line":92,"column":4},"end":{"line":92,"column":28}},"59":{"start":{"line":93,"column":4},"end":{"line":93,"column":39}},"60":{"start":{"line":94,"column":4},"end":{"line":94,"column":53}},"61":{"start":{"line":96,"column":4},"end":{"line":101,"column":5}},"62":{"start":{"line":97,"column":6},"end":{"line":100,"column":9}},"63":{"start":{"line":98,"column":8},"end":{"line":98,"column":68}},"64":{"start":{"line":99,"column":8},"end":{"line":99,"column":34}},"65":{"start":{"line":103,"column":4},"end":{"line":145,"column":9}},"66":{"start":{"line":105,"column":8},"end":{"line":105,"column":26}},"67":{"start":{"line":106,"column":8},"end":{"line":108,"column":9}},"68":{"start":{"line":107,"column":10},"end":{"line":107,"column":37}},"69":{"start":{"line":109,"column":8},"end":{"line":113,"column":11}},"70":{"start":{"line":116,"column":8},"end":{"line":116,"column":32}},"71":{"start":{"line":117,"column":8},"end":{"line":117,"column":36}},"72":{"start":{"line":118,"column":8},"end":{"line":118,"column":29}},"73":{"start":{"line":119,"column":8},"end":{"line":119,"column":35}},"74":{"start":{"line":120,"column":8},"end":{"line":120,"column":42}},"75":{"start":{"line":121,"column":8},"end":{"line":121,"column":50}},"76":{"start":{"line":122,"column":8},"end":{"line":122,"column":54}},"77":{"start":{"line":124,"column":8},"end":{"line":124,"column":41}},"78":{"start":{"line":125,"column":8},"end":{"line":125,"column":52}},"79":{"start":{"line":126,"column":8},"end":{"line":126,"column":55}},"80":{"start":{"line":12
[...]
"2":1,"3":1,"5":1,"6":1,"7":1,"8":1,"9":1,"10":1,"11":1,"12":1,"13":1,"14":1,"15":1,"16":1,"17":1,"19":1,"20":0,"21":0,"23":0,"26":1,"27":0,"30":0,"31":0,"34":0,"36":0,"37":0,"38":0,"41":0,"46":1,"48":0,"49":0,"50":0,"51":0,"52":0,"56":0,"57":0,"58":0,"59":0,"60":0,"62":0,"63":0,"66":0,"67":0,"68":0,"69":0,"72":0,"73":0,"74":0,"75":0,"76":0,"77":0,"78":0,"79":0,"80":0,"84":0,"87":0,"88":0,"91":1,"92":0,"93":0,"96":0,"97":0,"98":0,"99":0,"103":1,"104":0,"106":0,"107":0,"108":0,"109":0,"110":0,"111":0,"126":1,"127":0,"128":0,"129":0,"130":0,"134":0,"135":0,"136":0,"137":0,"138":0,"141":0,"142":0,"143":0,"147":0,"148":0,"149":0,"150":0,"153":0,"154":0,"155":0,"156":0,"157":0,"158":0,"159":0,"162":0,"163":0,"164":0,"165":0,"167":0,"168":0,"169":0,"170":0,"171":0,"174":0,"175":0,"176":0,"177":0,"178":0,"179":0,"182":0,"184":0,"188":0,"191":1,"192":0,"193":0,"194":0,"197":0,"198":0,"199":0,"200":0,"201":0,"202":0,"205":0,"211":1,"212":0,"214":0,"215":0,"217":0,"220":0,"222":0,"223":0,"225":0,"226":0,"227":0,"230":0,"231":0,"232":0,"236":0,"237":0,"238":0,"239":0,"242":0,"243":0,"245":0,"246":0,"249":0,"252":1,"253":0,"254":0,"255":0,"257":0,"258":0,"259":0,"261":0,"262":0,"263":0,"264":0,"266":0,"267":0,"270":0,"290":0,"293":1,"294":0,"295":0,"297":0,"298":0,"300":0,"303":1,"304":0,"305":0,"306":0,"307":0,"308":0,"309":0,"313":0,"314":0,"319":0,"322":1,"324":0,"325":0,"326":0,"327":0,"328":0,"329":0,"333":0,"334":0,"336":0,"337":0,"339":0,"342":0,"345":0,"347":0,"349":0,"350":0,"352":0,"353":0,"356":0,"360":1,"361":0,"362":0,"363":0,"364":0,"365":0,"367":0,"368":0,"369":0,"370":0,"372":0,"375":1,"376":0,"377":0,"378":0,"379":0,"384":1,"385":0,"386":0,"390":0,"391":0,"392":0,"393":0,"397":1,"406":1,"407":0,"408":0,"410":0,"411":0,"413":0,"414":0,"415":0,"416":0,"417":0,"418":0,"420":0,"421":0,"422":0,"424":0,"425":0,"427":0,"429":0,"430":0,"433":0,"434":0,"435":0,"436":0,"437":0,"438":0,"439":0,"443":0,"444":0,"447":0,"448":0,"449":0,"450":0,"451":0,"452":0,"453":0,"454":0,"455":0,"456":0,"464":0,"468":1,"469":0,"470":0,"474":0,"475":0,"476":0,"477":0,"480":0,"481":0,"482":0,"483":0,"484":0,"485":0,"487":0,"490":1,"492":1,"493":0,"494":0,"496":0,"499":0,"501":0,"502":0,"511":1,"512":0,"523":1,"524":0,"525":0,"530":0,"531":0,"533":0,"534":0,"535":0,"537":0,"538":0,"542":0,"543":0,"544":0,"545":0,"546":0,"548":0,"551":1}},"/home/travis/build/npmtest/node-npmtest-brunch/node_modules/brunch/lib/utils/modules.js":{"path":"/home/travis/build/npmtest/node-npmtest-brunch/node_modules/brunch/lib/utils/modules.js","s":{"1":1,"2":1,"3":1,"4":0,"5":0,"6":0,"7":0,"8":0,"9":0,"10":0,"11":0,"12":1,"13":0,"14":0,"15":0,"16":0,"17":0,"18":0,"19":1,"20":0,"21":0,"22":0,"23":0,"24":1,"25":0,"26":0,"27":0,"28":0,"29":0,"30":0},"b":{"1":[0,0,0],"2":[0,0],"3":[0,0],"4":[0,0],"5":[0,0],"6":[0,0],"7":[0,0,0]},"f":{},"fnMap":{},"statementMap":{"1":{"start":{"line":2,"column":0},"end":{"line":2,"column":42}},"2":{"start":{"line":3,"column":0},"end":{"line":3,"column":71}},"3":{"start":{"line":5,"column":0},"end":{"line":23,"column":2}},"4":{"start":{"line":6,"column":2},"end":{"line":20,"column":3}},"5":{"start":{"line":8,"column":6},"end":{"line":11,"column":9}},"6":{"start":{"line":8,"column":22},"end":{"line":11,"column":7}},"7":{"start":{"line":14,"column":6},"end":{"line":16,"column":9}},"8":{"start":{"line":14,"column":30},"end":{"line":16,"column":7}},"9":{"start":{"line":19,"column":6},"end":{"line":19,"column":34}},"10":{"start":{"line":19,"column":29},"end":{"line":19,"column":33}},"11":{"start":{"line":22,"column":2},"end":{"line":22,"column":17}},"12":{"start":{"line":25,"column":0},"end":{"line":42,"column":2}},"13":{"start":{"line":25,"column":35},"end":{"line":42,"column":1}},"14":{"start":{"line":26,"column":2},"end":{"line":26,"column":38}},"15":{"start":{"line":27,"column":2},"end":{"line":35,"column":3}},"16":{"start":{"line":28,"column":4},"end":{"line":28,"column":43}},"17":{"start":{"line":30,"column":4},"end":{"line":34,"column":6}},"18":{"start":{"line":37,"column":2},"end":{"line":41,"column":4}},"19":{"start":{"line":44,"column":0},"end":{"line":51,"column":2}},"20":{"start":{"line":45,"column":2},"end":{"line":45,"column":59}},"21":{"start":{"line":47,"column":2},"end":{"line":50,"column":4}},"22":{"start":{"line":48,"column":4},"end":{"line":48,"column":67}},"23":{"start":{"line":49,"column":4},"end":{"line":49,"column":50}},"24":{"start":{"line":53,"column":0},"end":{"line":63,"column":2}},"25":{"start":{"line":54,"column":2},"end":{"line":60,"column":3}},"26":{"start":{"line":56,"column":6},"end":{"line":56,"column":43}},"27":{"start":{"line":56,"column":19},"end":{"line":56,"column":42}},"28":{"start":{"line":59,"column":6},"end":{"line":59,"column":22}},"29":{"start":{"line":59,"column":19},"end":{"line":59,"column":21}},"30":{"start":{"line":62,"column":2},"end":{"line":62,"column":20}}},"branchMap":{"1":{"line":6,"type":"switch","locations":[{"start":{"line":7,"column":4},"end":{"line":11,"column":9}},{"start":{"line":13,"column":4},"end":{"line":16,"column":9}},{"start":{"line":18,"column":4},"end":{"line":19,"column":34}}]},"2":{"line":27,"type":"if","locations":[{"start":{"line":27,"column":2},"end":{"line":27,"column":2}},{"start":{"line":27,"column":2},"end":{"line":27,"column":2}}]},"3":{"line":32,"type":"cond-expr","locations":[{"start":{"line":32,"column":27},"end":{"line":32,"column":31}},{"start":{"line":32,"column":34},"end":{"line":32,"column":41}}]},"4":{"line":38,"type":"binary-expr","locations":[{"start":{"line":38,"column":12},"end":{"line":38,"column":26}},{"start":{"line":38,"column":30},"end":{"line":38,"column":32}}]},"5":{"line":39,"type":"binary-expr","locations":[{"start":{"line":39,"column":10},"end":{"line":39,"column":22}},{"start":{"line":39,"column":26},"end":{"line":39,"column":30}}]},"6":{"line":40,"type":"binary-expr","locations":[{"start":{"line":40,"column":12},"end":{"line":40,"column":26}},{"start":{"line":40,"column":30},"end":{"line":40,"column":32}}]},"7":{"line":54,"type":"switch","locations":[{"start":{"line":55,"column":4},"end":{"line":56,"column":43}},{"start":{"line":57,"column":4},"end":{"line":57,"column":15}},{"start":{"line":58,"column":4},"end":{"line":59,"column":22}}]}},"code":["'use strict';","const sysPath = require('universal-path');","const commonRequireDefinition = require('commonjs-require-definition');","","const getWrapperFn = wrapper => {","  switch (wrapper) {","    case 'commonjs':","      return name => ({","        prefix: `require.register(\"${name}\", function(exports, require, module) {\\n`,","        suffix: '});\\n\\n',","      });","","    case 'amd':","      return (name, data) => ({","        data: data.replace(/define\\s*\\(/, `$&\"${name}\", `),","      });","","    case false:","      return (name, data) => data;","  }","","  return wrapper;","};","","const normalizeResult = wrapper => (name, data) => {","  const wrapped = wrapper(name, data);","  if (typeof wrapped === 'string') {","    const srcIndex = wrapped.indexOf(data);","","    return {","      prefix: wrapped.slice(0, srcIndex),","      data: srcIndex > 0 ? data : wrapped,","      suffix: wrapped.slice(srcIndex + data.length),","    };","  }","","  return {","    prefix: wrapped.prefix || '',","    data: wrapped.data || data,","    suffix: wrapped.suffix || '',","  };","};","","exports.normalizeWrapper = (wrapper, nameCleaner) => {","  const wrapperFn = normalizeResult(getWrapperFn(wrapper));","","  return (path, compiled) => {","    const name = sysPath.normalize(path).replace(/^(\\.\\.\\/)+/, '');","    return wrapperFn(nameCleaner(name), compiled);","  };","};","","exports.normalizeDefinition = definition => {","  switch (definition) {","    case 'commonjs':","      return () => commonRequireDefinition;","    case 'amd':","    case false:","      return () => '';","  }","","  return definition;","};",""],"l":{"2":1,"3":1,"5":1,"6":0,"8":0,"14":0,"19":0,"22":0,"25":1,"26":0,"27":0,"28":0,"30":0,"37":0,"44":1,"45":0,"47":0,"48":0,"49":0,"53":1,"54":0,"56":0,"59":0,"62":0}},"/home/travis/build/npmtest/node-npmtest-brunch/node_modules/brunch/lib/utils/config-validate.js":{"path":"/home/travis/build/npmtest/node-npmtest-brunch/node_modules/brunch/lib/utils/config-validate.js","s":{"1":1,"2":1,"3":1,"4":1,"5":1,"6":0,"7":0,"8":0,"9":1,"10":1,"11":1,"12":1,"13":0,"14":0,"15":0,"16":0,"17":0,"18":0,"19":0,"20":0,"21":0},"b":{"1":[0,0],"2":[0,0]},"f":{"1":0},"fnMap":{"1":{"name":"(anonymous_1)","line":26,"loc":{"start":{"line":26,"column":10},"end":{"line":26,"column":16}}}},"statementMap":{"1":{"start":{"line":2,"column":0},"end":{"line":2,"column":35}},"2":{"start":{"line":3,"column":0},"end":{"line":3,"column":32}},"3":{"start":{"line":4,"column":0},"end":{"line":4,"column":39}},"4":{"start":{"line":6,"column":0},"end":{"line":6,"column":20}},"5":{"start":{"line":7,"column":0},"end":{"line":132,"column":3}},"6":{"start":{"line":27,"column":6},"end":{"line":29,"column":7}},"7":{"start":{"line":28,"column":8},"end":{"line":28,"column":65}},"8":{"start":{"line":82,"column":44},"end":{"line":82,"column":70}},"9":{"start":{"line":134,"column":0},"end":{"line":138,"column":2}},"10":{"start":{"line":140,"column":0},"end":{"line":154,"column":14}},"11":{"start":{"line":156,"column":0},"end":{"line":164,"column":2}},"12":{"start":{"line":166,"column":0},"end":{"line":179,"column":2}},"13":{"start":{"line":167,"column":2},"end":{"line":167,"column":38}},"14":{"start":{"line":168,"column":2},"end":{"line":168,"column":59}},"15":{"start":{"line":169,"column":2},"end":{"line":171,"column":5}},"16":{"start":{"line":170,"column":4},"end":{"line":170,"column":51}},"17":{"start":{"line":172,"column":2},"end":{"line":174,"column":5}},"18":{"start":{"line":173,"column":4},"end":{"line":173,"column":49}},"19":{"start":{"line":175,"column":2},"end":{"line":177,"column":3}},"20":{"start":{"line":176,"column":4},"end":{"line":176,"column":41}},"21":{"start":{"line":178,"column":2},"end":{"line":178,"column":16}}},"branchMap":{"1":{"line":27,"type":"if","locations":[{"start":{"line":27,"column":6},"end":{"line":27,"column":6}},{"start":{"line":27,"column":6},"end":{"line":27,"column":6}}]},"2":{"line":175,"type":"if","locations":[{"start":{"line":175,"column":2},"end":{"line":175,"column":2}},{"start":{"line":175,"column":2},"end":{"line":175,"column":2}}]}},"code":["'use strict';","const skemata = require('skemata');","const logger = require('loggy');","const BrunchError = require('./error');","","const v = skemata.v;","const configBaseSchema = v.object({","  paths: v.object({","    root: v.string.default('.'),","    public: v.string.default('public'),","    watched: v.array(v.string).default(['app', 'test', 'vendor']),","    ignored: v.deprecated(v.noop, 'moved to `config.conventions.ignored`'),","    assets: v.deprecated(v.noop, 'moved to `config.conventions.assets`'),","    test: v.deprecated(v.noop, 'moved to `config.conventions.test`'),","    vendor: v.deprecated(v.noop, 'moved to `config.conventions.vendor`'),","    config: v.string,","    packageConfig: v.string.default('package.json'),","    bowerConfig: v.string.default('bower.json'),","  }).default({}),","","  rootPath: v.deprecated(v.noop, 'moved to `config.paths.root`'),","  buildPath: v.deprecated(v.noop, 'moved to `config.paths.public`'),","","  files: v.objects({","    keys: ['javascripts', 'templates', 'stylesheets'],","    warner(key) {","      if (['app', 'test', 'vendor', 'assets'].includes(key)) {","        return 'was removed, use `config.paths.watched` instead';","      }","    },","  }, v.object({","    joinTo: v.either(","      v.string,","      v.objects({}, v.anymatch)","    ),","    entryPoints: v.objects({}, v.either(","      v.string,","      v.objects({}, v.anymatch)","    )),","    order: v.object({","      before: v.anymatch,","      after: v.anymatch,","    }),","    pluginHelpers: v.either(v.string, v.array(v.string)),","    defaultPaths: v.deprecated(v.noop, 'was removed'),","    defaultExtensions: v.deprecated(v.noop, 'was removed'),","  })),","","  npm: v.object({","    enabled: v.bool.default(true),","    globals: v.objects({}, v.string),","    aliases: v.objects({}, v.string),","    styles: v.objects({}, v.array(v.string)),","    static: v.array(v.string).default([]),","    compilers: v.array(v.string).default([]),","    detectProcess: v.bool.default(true),","  }).default({}),","","  bower: v.object({","    enabled: v.bool.default(true),","  }).default({}),","","  cra: v.bool.default(false),","","  plugins: v.object({","    on: v.array(v.string).default([]),","    off: v.array(v.string).default([]),","    only: v.array(v.string).default([]),","    npm: v.deprecated(v.array(v.string).default([]), 'use `config.npm.compilers` instead'),","  }, false).default({}),","","  conventions: v.object({","    ignored: v.anymatch.default([/\\/_/, /vendor\\/(node|j?ruby-.+|bundle)\\//]),","    assets: v.anymatch.default(/assets\\//),","    vendor: v.anymatch.default(/(^bower_components|node_modules|vendor)\\//),","  }).default({}),","","  modules: v.object({","    wrapper: v.either(v.enum('commonjs', 'amd', false), v.function).default('commonjs'),","    definition: v.either(v.enum('commonjs', 'amd', false), v.function).default('commonjs'),","    autoRequire: v.objects({}, v.array(v.string)).default({}),","    nameCleaner: v.function.default(path => path.replace(/^app\\//, '')),","  }).default({}),","","  notificationsTitle: v.deprecated(v.string, 'use `config.notifications.app` instead'),","  notifications: v.either(","    v.bool,","    v.array(v.string),","    v.object({","      app: v.string,","      icon: v.string,","      levels: v.array(v.string),","      notify: v.function,","    })","  ),","","  optimize: v.bool.default(false),","  sourceMaps: v.either(v.bool, v.enum('old', 'absoluteUrl', 'inline')).default(true),","","  server: v.object({","    base: v.string.default(''),","    port: v.int.default(3333),","    run: v.bool.default(false),","    hostname: v.string.default('localhost'),","    indexPath: v.string.default('index.html'),","    startupLogging: v.bool.default(true),","    noPushState: v.bool.default(false),","    noCors: v.bool.default(false),","    stripSlashes: v.bool.default(false),","    path: v.string,","    command: v.string,","    config: v.object({}).default({}),","  }).default({}),","","  fileListInterval: v.int.default(65),","","  watcher: v.object({","    usePolling: v.bool.default(false),","    awaitWriteFinish: v.either(v.bool, v.object({})),","  }).default({}),","","  hooks: v.object({","    preCompile: v.function.default(v.noop),","    onCompile: v.function.default(v.noop),","    teardown: v.function.default(v.noop),","  }).default({}),","","  hot: v.bool.default(false),","","  preCompile: v.deprecated(v.function, 'use `config.hooks.preCompile` instead'),","  onCompile: v.deprecated(v.function, 'use `config.hooks.onCompile` instead'),","});","","const overrideSchema = v.merge(","  configBaseSchema,","  v.object({}),","  {ignoreFirstDefaults: true}",");","","const productionOverrideSchema = v.merge(","  configBaseSchema,","  v.object({","    optimize: v.bool.default(true),","    sourceMaps: v.either(v.bool, v.enum('old', 'absoluteUrl', 'inline')).default(false),","    overrides: v.deprecated(v.noop, 'can not define `overrides` inside an override'),","","    plugins: v.object({","      autoReload: v.object({","        enabled: v.bool.default(false),","      }).default({}),","    }).default({}),","  }),","  {ignoreFirstDefaults: true}",").default({});","","const configSchema = v.merge(","  configBaseSchema,","  v.object({","    overrides: v.objects(","      {specifics: {production: productionOverrideSchema}},","      overrideSchema","    ).default({}),","  })",");","","module.exports = config => {","  const schema = configSchema(config);","  const formatted = skemata.formatObject(schema, 'config');","  formatted.errors.forEach(error => {","    logger.error(`${error.path}: ${error.result}`);","  });","  formatted.warnings.forEach(warn => {","    logger.warn(`${warn.path}: ${warn.warning}`);","  });","  if (!schema.ok) {","    throw new BrunchError('CFG_INVALID');","  }","  return config;","};",""],"l":{"2":1,"3":1,"4":1,"6":1,"7":1,"27":0,"28":0,"82":0,"134":1,"140":1,"156":1,"166":1,"167":0,"168":0,"169":0,"170":0,"172":0,"173":0,"175":0,"176":0,"178":0}},"/home/travis/build/npmtest/node-npmtest-brunch/node_modules/brunch/lib/workers/job-processor.js":{"path":"/home/travis/build/npmtest/node-npmtest-brunch/node_modules/brunch/lib/workers/job-processor.js","s":{"1":2,"2":2,"3":2,"4":2,"5":2,"6":2,"7":0,"8":0,"9":0,"10":0,"11":0,"12":0,"13":0,"14":0,"15":0,"16":0,"17":0,"18":0,"19":0,"20":0,"21":0,"22":0,"23":0,"24":0},"b":{"1":[0,0],"2":[0,0]},"f":{},"fnMap":{},"statementMap":{"1":{"start":{"line":2,"column":0},"end":{"line":2,"column":26}},"2":{"start":{"line":3,"column":0},"end":{"line":3,"column":44}},"3":{"start":{"line":4,"column":0},"end":{"line":4,"column":69}},"4":{"start":{"line":5,"column":0},"end":{"line":5,"column":48}},"5":{"start":{"line":7,"column":0},"end":{"line":7,"column":17}},"6":{"start":{"line":9,"column":0},"end":{"line":9,"column":55}},"7":{"start":{"line":10,"column":0},"end":{"line":16,"column":3}},"8":{"start":{"line":11,"column":2},"end":{"line":11,"column":13}},"9":{"start":{"line":12,"column":2},"end":{"line":15,"column":5}},"10":{"start":{"line":13,"column":4},"end":{"line":13,"column":31}},"11":{"start":{"line":14,"column":4},"end":{"line":14,"column":26}},"12":{"start":{"line":18,"column":0},"end":{"line":18,"column":31}},"13":{"start":{"line":20,"column":0},"end":{"line":34,"column":3}},"14":{"start":{"line":21,"column":2},"end":{"line":21,"column":24}},"15":{"start":{"line":22,"column":2},"end":{"line":22,"column":24}},"16":{"start":{"line":24,"column":2},"end":{"line":24,"column":25}},"17":{"start":{"line":25,"column":2},"end":{"line":25,"column":52}},"18":{"start":{"line":25,"column":12},"end":{"line":25,"column":52}},"19":{"start":{"line":26,"column":2},"end":{"line":26,"column":53}},"20":{"start":{"line":27,"column":2},"end":{"line":33,"column":5}},"21":{"start":{"line":28,"column":4},"end":{"line":28,"column":27}},"22":{"start":{"line":30,"column":4},"end":{"line":30,"column":69}},"23":{"start":{"line":31,"column":4},"end":{"line":31,"column":56}},"24":{"start":{"line":32,"column":4},"end":{"line":32,"column":23}}},"branchMap":{"1":{"line":25,"type":"if","locations":[{"start":{"line":25,"column":2},"end":{"line":25,"column":2}},{"start":{"line":25,"column":2},"end":{"line":25,"column":2}}]},"2":{"line":30,"type":"cond-expr","locations":[{"start":{"line":30,"column":44},"end":{"line":30,"column":60}},{"start":{"line":30,"column":63},"end":{"line":30,"column":68}}]}},"code":["'use strict';","require('micro-es7-shim');","require('promise.prototype.finally').shim();","const loadConfigWorker = require('../utils/config').loadConfigWorker;","const initPlugins = require('../utils/plugins');","","let cfg, plugins; // eslint-disable-line prefer-const","","const options = JSON.parse(process.env.BRUNCH_OPTIONS);","loadConfigWorker(false, options).then(_cfg => {","  cfg = _cfg;","  return initPlugins(cfg).then(_plugins => {","    plugins = _plugins.plugins;","    process.send('ready');","  });","});","","const jobs = require('./jobs');","","process.on('message', msg => {","  const type = msg.type;","  const data = msg.data;","","  const job = jobs[type];","  if (!job) console.error('INVALID_JOB_TYPE', type);","  const hash = job.deserialize({plugins}, data.hash);","  job.work(hash).then(result => {","    process.send({result});","  }, error => {","    const err = typeof error === 'string' ? new Error(error) : error;","    const data = {error: err.message, stack: err.stack};","    process.send(data);","  });","});",""],"l":{"2":2,"3":2,"4":2,"5":2,"7":2,"9":2,"10":0,"11":0,"12":0,"13":0,"14":0,"18":0,"20":0,"21":0,"22":0,"24":0,"25":0,"26":0,"27":0,"28":0,"30":0,"31":0,"32":0}}}